#
# A fatal error has been detected by the Java Runtime Environment:
#
#  EXCEPTION_ACCESS_VIOLATION (0xc0000005) at pc=0x00007ffb80b0bd0b, pid=28708, tid=17320
#
# JRE version: Java(TM) SE Runtime Environment (13.0.2+8) (build 13.0.2+8)
# Java VM: Java HotSpot(TM) 64-Bit Server VM (13.0.2+8, mixed mode, sharing, tiered, compressed oops, g1 gc, windows-amd64)
# Problematic frame:
# V  [jvm.dll+0x30bd0b]
#
# No core dump will be written. Minidumps are not enabled by default on client versions of Windows
#
# If you would like to submit a bug report, please visit:
#   http://bugreport.java.com/bugreport/crash.jsp
#

---------------  S U M M A R Y ------------

Command Line: --add-opens=java.base/java.util=ALL-UNNAMED --add-opens=java.base/java.lang=ALL-UNNAMED --add-opens=java.base/java.lang.invoke=ALL-UNNAMED --add-opens=java.base/java.util=ALL-UNNAMED --add-opens=java.prefs/java.util.prefs=ALL-UNNAMED --add-opens=java.prefs/java.util.prefs=ALL-UNNAMED --add-opens=java.base/java.nio.charset=ALL-UNNAMED --add-opens=java.base/java.net=ALL-UNNAMED --add-opens=java.base/java.util.concurrent.atomic=ALL-UNNAMED -XX:MaxMetaspaceSize=256m -XX:+HeapDumpOnOutOfMemoryError -Xms256m -Xmx512m -Dfile.encoding=x-windows-949 -Duser.country=KR -Duser.language=ko -Duser.variant org.gradle.launcher.daemon.bootstrap.GradleDaemon 7.4.1

Host: Intel(R) Core(TM) i7-9700 CPU @ 3.00GHz, 8 cores, 31G,  Windows 10 , 64 bit Build 19041 (10.0.19041.1706)
Time: Tue May 17 10:11:27 2022 대한민국 표준시 elapsed time: 30 seconds (0d 0h 0m 30s)

---------------  T H R E A D  ---------------

Current thread (0x00000235302b1800):  GCTaskThread "GC Thread#1" [stack: 0x0000008b83700000,0x0000008b83800000] [id=17320]

Stack: [0x0000008b83700000,0x0000008b83800000],  sp=0x0000008b837ff5d0,  free space=1021k
Native frames: (J=compiled Java code, j=interpreted, Vv=VM code, C=native code)
V  [jvm.dll+0x30bd0b]
V  [jvm.dll+0x2e263d]
V  [jvm.dll+0x30a0ab]
V  [jvm.dll+0x31647a]
V  [jvm.dll+0x2f5820]
V  [jvm.dll+0x2f5791]
V  [jvm.dll+0x2e6df5]
V  [jvm.dll+0x317d80]
V  [jvm.dll+0x2e95a7]
V  [jvm.dll+0x2e9ef7]
V  [jvm.dll+0x79d800]
V  [jvm.dll+0x72fcaa]
V  [jvm.dll+0x623ea6]
C  [ucrtbase.dll+0x21bb2]
C  [KERNEL32.DLL+0x17034]
C  [ntdll.dll+0x52651]


siginfo: EXCEPTION_ACCESS_VIOLATION (0xc0000005), reading address 0x0000000000000000


Register to memory mapping:

RIP=0x00007ffb80b0bd0b jvm.dll
RAX=0x0 is NULL
RBX=0x0000000000000001 is an unknown value
RCX=0x000002352f44c740 points into unknown readable memory: d0 3d 08 81 fb 7f 00 00
RDX=0x0000000000000e78 is an unknown value
RSP=0x0000008b837ff5d0 points into unknown readable memory: 02 00 00 00 00 00 00 00
RBP=0x0000023530e65540 points into unknown readable memory: 68 b5 07 81 fb 7f 00 00
RSI=0x0000023530e65540 points into unknown readable memory: 68 b5 07 81 fb 7f 00 00
RDI=0x0000000000000009 is an unknown value
R8 =
[error occurred during error reporting (printing register info), id 0xc0000005, EXCEPTION_ACCESS_VIOLATION (0xc0000005) at pc=0x00007ffb80ae69bf]

Registers:
RAX=0x0000000000000000, RBX=0x0000000000000001, RCX=0x000002352f44c740, RDX=0x0000000000000e78
RSP=0x0000008b837ff5d0, RBP=0x0000023530e65540, RSI=0x0000023530e65540, RDI=0x0000000000000009
R8 =0x00000000ff410000, R9 =0x1fffffffffffffff, R10=0x0000000800319530, R11=0x00000000e7146a40
R12=0x0000000000000000, R13=0x00007ffb8107c5f0, R14=0x00000000e7890798, R15=0x0000000000000000
RIP=0x00007ffb80b0bd0b, EFLAGS=0x0000000000010246

Top of Stack: (sp=0x0000008b837ff5d0)
0x0000008b837ff5d0:   0000000000000002 0000023530e65540
0x0000008b837ff5e0:   00000000e7146b10 0000008b837ff8a8
0x0000008b837ff5f0:   0000023530e65558 000002351406cda8
0x0000008b837ff600:   000000011411ccf0 0000000300000040
0x0000008b837ff610:   0000000000000009 000000000000002d
0x0000008b837ff620:   00007ffb8107c5f0 0000000000000040
0x0000008b837ff630:   0000023514077998 0000000000000000
0x0000008b837ff640:   0000023530e65540 0000008b837ff8a8
0x0000008b837ff650:   00000000e7146a88 00007ffb80ae263d
0x0000008b837ff660:   0000023530e65540 00000000e3370001
0x0000008b837ff670:   00000000e3a42440 0000023530e65540
0x0000008b837ff680:   0000023514077990 00007ffb80b0a0ab
0x0000008b837ff690:   0000000000000a1d 0000008b837ff8a8
0x0000008b837ff6a0:   00000000e3377bc8 000002351411ccf0
0x0000008b837ff6b0:   00000000e337d000 00007ffb80b15d6e
0x0000008b837ff6c0:   00000000e337fbd8 0000000011ffea12 

Instructions: (pc=0x00007ffb80b0bd0b)
0x00007ffb80b0bc0b:   93 ee ff 4c 8b cf 4d 85 c9 74 45 48 8b 43 38 49
0x00007ffb80b0bc1b:   2b c1 4c 89 4b 30 48 c1 e8 03 48 3b c6 72 1b 49
0x00007ffb80b0bc2b:   8d 04 f1 48 89 43 30 49 8b c1 48 8b 5c 24 30 48
0x00007ffb80b0bc3b:   8b 74 24 38 48 83 c4 20 5f c3 45 33 c9 41 8b c1
0x00007ffb80b0bc4b:   48 8b 5c 24 30 48 8b 74 24 38 48 83 c4 20 5f c3
0x00007ffb80b0bc5b:   48 8b 5c 24 30 33 c0 48 8b 74 24 38 48 83 c4 20
0x00007ffb80b0bc6b:   5f c3 cc cc cc 66 89 54 24 10 53 55 57 41 54 41
0x00007ffb80b0bc7b:   56 41 57 48 83 ec 58 80 3d 38 e6 76 00 00 4d 8b
0x00007ffb80b0bc8b:   f9 4d 8b f0 0f b7 da 48 8b e9 74 16 41 8b 50 08
0x00007ffb80b0bc9b:   8b 0d 3f 8d 6e 00 48 d3 e2 48 03 15 2d 8d 6e 00
0x00007ffb80b0bcab:   eb 04 49 8b 50 08 49 8b ce e8 07 78 e8 ff 48 63
0x00007ffb80b0bcbb:   f8 49 8b d6 48 8b 45 08 45 33 e4 48 89 7c 24 40
0x00007ffb80b0bccb:   48 8b 80 f8 00 00 00 8b 48 68 48 8b 40 58 48 d3
0x00007ffb80b0bcdb:   ea 48 8b 0c d0 8b 81 44 01 00 00 89 44 24 3c 0f
0x00007ffb80b0bceb:   b7 c3 66 c1 e8 08 84 c0 75 2a 41 0f b6 c7 f6 d0
0x00007ffb80b0bcfb:   a8 01 75 05 4d 8b e7 eb 0a 49 8b c7 48 83 e0 fd
0x00007ffb80b0bd0b:   4c 8b 20 49 c1 ec 03 41 83 e4 0f 44 3b a5 64 01
0x00007ffb80b0bd1b:   00 00 72 10 66 c1 eb 08 48 0f be c3 0f b7 9c 45
0x00007ffb80b0bd2b:   60 01 00 00 80 bd c0 01 00 00 00 66 89 5c 24 34
0x00007ffb80b0bd3b:   74 26 0f b7 c3 66 c1 e8 08 3c 01 75 1b 4d 8b c7
0x00007ffb80b0bd4b:   49 8b d6 48 8b cd 48 83 c4 58 41 5f 41 5e 41 5c
0x00007ffb80b0bd5b:   5f 5d 5b e9 3d 06 00 00 48 8b 4d 58 4c 8b c7 48
0x00007ffb80b0bd6b:   89 b4 24 a8 00 00 00 0f b7 d3 4c 89 6c 24 50 e8
0x00007ffb80b0bd7b:   a1 07 00 00 48 8b f0 48 85 c0 0f 85 d6 01 00 00
0x00007ffb80b0bd8b:   48 8b 4d 58 4c 8d 8c 24 90 00 00 00 4c 8b c7 88
0x00007ffb80b0bd9b:   84 24 90 00 00 00 0f b7 d3 e8 77 a4 fc ff 44 0f
0x00007ffb80b0bdab:   b6 6c 24 35 48 8b f0 48 85 c0 0f 85 a2 00 00 00
0x00007ffb80b0bdbb:   0f b6 84 24 90 00 00 00 88 44 24 30 45 84 ed 0f
0x00007ffb80b0bdcb:   85 f6 00 00 00 48 8b 45 58 4c 8b c7 66 c7 44 24
0x00007ffb80b0bddb:   38 00 01 48 8b c8 0f b7 7c 24 38 0f b7 d7 44 88
0x00007ffb80b0bdeb:   ac 24 a0 00 00 00 48 89 44 24 48 e8 25 07 00 00
0x00007ffb80b0bdfb:   48 8b f0 48 85 c0 75 1d 4c 8b 44 24 40 4c 8d 8c 


Stack slot to memory mapping:
stack at sp + 0 slots: 0x0000000000000002 is an unknown value
stack at sp + 1 slots: 0x0000023530e65540 points into unknown readable memory: 68 b5 07 81 fb 7f 00 00
stack at sp + 2 slots: 0x00000000e7146b10 is an oop: java.util.concurrent.atomic.AtomicInteger 
{0x00000000e7146b10} - klass: 'java/util/concurrent/atomic/AtomicInteger'
stack at sp + 3 slots: 0x0000008b837ff8a8 points into unknown readable memory: 90 c4 07 81 fb 7f 00 00
stack at sp + 4 slots: 0x0000023530e65558 points into unknown readable memory: 98 88 07 81 fb 7f 00 00
stack at sp + 5 slots: 0x000002351406cda8 points into unknown readable memory: 38 86 07 14 35 02 00 00
stack at sp + 6 slots: 0x000000011411ccf0 is an unknown value
stack at sp + 7 slots: 0x0000000300000040 is an unknown value


---------------  P R O C E S S  ---------------

Threads class SMR info:
_java_thread_list=0x0000023536537b60, length=40, elements={
0x000002351405d800, 0x000002352f61d800, 0x000002352f61e800, 0x000002352fece800,
0x000002352fecf800, 0x000002352fed2800, 0x000002352fed3800, 0x000002352fed8800,
0x000002353001a000, 0x000002353002c000, 0x0000023531647800, 0x00000235316e0000,
0x0000023531ace800, 0x00000235319f3800, 0x0000023531723800, 0x0000023531e01000,
0x0000023531f24000, 0x0000023531b2e800, 0x0000023531a62800, 0x0000023531ebd000,
0x0000023531ebe800, 0x0000023531ebf800, 0x0000023531eba000, 0x0000023531ebc000,
0x0000023531ec0800, 0x0000023531ebb800, 0x0000023531eba800, 0x0000023531ebe000,
0x0000023531f7f800, 0x0000023531f7a000, 0x0000023531f7c800, 0x0000023531f7d000,
0x0000023531f7b000, 0x0000023531f7b800, 0x0000023531f82000, 0x0000023531f7e000,
0x0000023531f84800, 0x0000023531f83000, 0x0000023531f7f000, 0x0000023531f85800
}

Java Threads: ( => current thread )
  0x000002351405d800 JavaThread "main" [_thread_blocked, id=11048, stack(0x0000008b82500000,0x0000008b82600000)]
  0x000002352f61d800 JavaThread "Reference Handler" daemon [_thread_blocked, id=29300, stack(0x0000008b82c00000,0x0000008b82d00000)]
  0x000002352f61e800 JavaThread "Finalizer" daemon [_thread_blocked, id=26860, stack(0x0000008b82d00000,0x0000008b82e00000)]
  0x000002352fece800 JavaThread "Signal Dispatcher" daemon [_thread_blocked, id=27688, stack(0x0000008b82e00000,0x0000008b82f00000)]
  0x000002352fecf800 JavaThread "Attach Listener" daemon [_thread_blocked, id=17372, stack(0x0000008b82f00000,0x0000008b83000000)]
  0x000002352fed2800 JavaThread "C2 CompilerThread0" daemon [_thread_in_native, id=3048, stack(0x0000008b83000000,0x0000008b83100000)]
  0x000002352fed3800 JavaThread "C1 CompilerThread0" daemon [_thread_blocked, id=15728, stack(0x0000008b83100000,0x0000008b83200000)]
  0x000002352fed8800 JavaThread "Sweeper thread" daemon [_thread_blocked, id=5672, stack(0x0000008b83200000,0x0000008b83300000)]
  0x000002353001a000 JavaThread "Common-Cleaner" daemon [_thread_blocked, id=29208, stack(0x0000008b83300000,0x0000008b83400000)]
  0x000002353002c000 JavaThread "Service Thread" daemon [_thread_blocked, id=17476, stack(0x0000008b83400000,0x0000008b83500000)]
  0x0000023531647800 JavaThread "Daemon health stats" [_thread_blocked, id=17288, stack(0x0000008b83d00000,0x0000008b83e00000)]
  0x00000235316e0000 JavaThread "Incoming local TCP Connector on port 4127" [_thread_in_native, id=23948, stack(0x0000008b83600000,0x0000008b83700000)]
  0x0000023531ace800 JavaThread "Daemon periodic checks" [_thread_blocked, id=24828, stack(0x0000008b83c00000,0x0000008b83d00000)]
  0x00000235319f3800 JavaThread "Daemon" [_thread_blocked, id=25944, stack(0x0000008b83e00000,0x0000008b83f00000)]
  0x0000023531723800 JavaThread "Handler for socket connection from /127.0.0.1:4127 to /127.0.0.1:4128" [_thread_blocked, id=22408, stack(0x0000008b83f00000,0x0000008b84000000)]
  0x0000023531e01000 JavaThread "Cancel handler" [_thread_blocked, id=24900, stack(0x0000008b84000000,0x0000008b84100000)]
  0x0000023531f24000 JavaThread "Daemon worker" [_thread_blocked, id=25004, stack(0x0000008b84100000,0x0000008b84200000)]
  0x0000023531b2e800 JavaThread "Stdin handler" [_thread_blocked, id=18232, stack(0x0000008b84300000,0x0000008b84400000)]
  0x0000023531a62800 JavaThread "Daemon client event forwarder" [_thread_blocked, id=23936, stack(0x0000008b84400000,0x0000008b84500000)]
  0x0000023531ebd000 JavaThread "Cache worker for journal cache (C:\Users\SmartSocial\.gradle\caches\journal-1)" [_thread_blocked, id=13008, stack(0x0000008b84500000,0x0000008b84600000)]
  0x0000023531ebe800 JavaThread "File lock request listener" [_thread_in_native, id=26956, stack(0x0000008b84600000,0x0000008b84700000)]
  0x0000023531ebf800 JavaThread "Cache worker for file hash cache (C:\Users\SmartSocial\.gradle\caches\7.4.1\fileHashes)" [_thread_blocked, id=22432, stack(0x0000008b84700000,0x0000008b84800000)]
  0x0000023531eba000 JavaThread "File watcher server" daemon [_thread_in_native, id=19124, stack(0x0000008b84c00000,0x0000008b84d00000)]
  0x0000023531ebc000 JavaThread "File watcher consumer" daemon [_thread_blocked, id=23816, stack(0x0000008b84d00000,0x0000008b84e00000)]
  0x0000023531ec0800 JavaThread "jar transforms" [_thread_blocked, id=15348, stack(0x0000008b84800000,0x0000008b84900000)]
  0x0000023531ebb800 JavaThread "jar transforms Thread 2" [_thread_blocked, id=26160, stack(0x0000008b84900000,0x0000008b84a00000)]
  0x0000023531eba800 JavaThread "jar transforms Thread 3" [_thread_blocked, id=15088, stack(0x0000008b84e00000,0x0000008b84f00000)]
  0x0000023531ebe000 JavaThread "jar transforms Thread 4" [_thread_blocked, id=18092, stack(0x0000008b84f00000,0x0000008b85000000)]
  0x0000023531f7f800 JavaThread "jar transforms Thread 5" [_thread_blocked, id=29512, stack(0x0000008b85000000,0x0000008b85100000)]
  0x0000023531f7a000 JavaThread "jar transforms Thread 6" [_thread_blocked, id=28492, stack(0x0000008b85100000,0x0000008b85200000)]
  0x0000023531f7c800 JavaThread "jar transforms Thread 7" [_thread_blocked, id=8088, stack(0x0000008b85200000,0x0000008b85300000)]
  0x0000023531f7d000 JavaThread "jar transforms Thread 8" [_thread_blocked, id=15380, stack(0x0000008b85300000,0x0000008b85400000)]
  0x0000023531f7b000 JavaThread "Cache worker for checksums cache (D:\JavaProject\jpashop\jpashop\.gradle\7.4.1\checksums)" [_thread_blocked, id=23996, stack(0x0000008b84200000,0x0000008b84300000)]
  0x0000023531f7b800 JavaThread "Cache worker for cache directory md-rule (C:\Users\SmartSocial\.gradle\caches\7.4.1\md-rule)" [_thread_blocked, id=29440, stack(0x0000008b85500000,0x0000008b85600000)]
  0x0000023531f82000 JavaThread "Cache worker for file hash cache (D:\JavaProject\jpashop\jpashop\.gradle\7.4.1\fileHashes)" [_thread_blocked, id=29524, stack(0x0000008b85600000,0x0000008b85700000)]
  0x0000023531f7e000 JavaThread "Cache worker for cache directory md-supplier (C:\Users\SmartSocial\.gradle\caches\7.4.1\md-supplier)" [_thread_blocked, id=21684, stack(0x0000008b85700000,0x0000008b85800000)]
  0x0000023531f84800 JavaThread "Cache worker for execution history cache (C:\Users\SmartSocial\.gradle\caches\7.4.1\executionHistory)" [_thread_blocked, id=17196, stack(0x0000008b85800000,0x0000008b85900000)]
  0x0000023531f83000 JavaThread "C2 CompilerThread1" daemon [_thread_blocked, id=24004, stack(0x0000008b85900000,0x0000008b85a00000)]
  0x0000023531f7f000 JavaThread "C2 CompilerThread2" daemon [_thread_blocked, id=27916, stack(0x0000008b85a00000,0x0000008b85b00000)]
  0x0000023531f85800 JavaThread "Cache worker for file content cache (C:\Users\SmartSocial\.gradle\caches\7.4.1\fileContent)" [_thread_blocked, id=19704, stack(0x0000008b85b00000,0x0000008b85c00000)]

Other Threads:
  0x000002352f618000 VMThread "VM Thread" [stack: 0x0000008b82b00000,0x0000008b82c00000] [id=22416]
  0x0000023530032000 WatcherThread [stack: 0x0000008b83500000,0x0000008b83600000] [id=24860]
  0x0000023514086000 GCTaskThread "GC Thread#0" [stack: 0x0000008b82600000,0x0000008b82700000] [id=29644]
=>0x00000235302b1800 GCTaskThread "GC Thread#1" [stack: 0x0000008b83700000,0x0000008b83800000] [id=17320]
  0x0000023530151000 GCTaskThread "GC Thread#2" [stack: 0x0000008b83800000,0x0000008b83900000] [id=17456]
  0x00000235301c0800 GCTaskThread "GC Thread#3" [stack: 0x0000008b83900000,0x0000008b83a00000] [id=23588]
  0x0000023530bcd000 GCTaskThread "GC Thread#4" [stack: 0x0000008b83a00000,0x0000008b83b00000] [id=25156]
  0x0000023530a62800 GCTaskThread "GC Thread#5" [stack: 0x0000008b83b00000,0x0000008b83c00000] [id=2252]
  0x00000235352d4000 GCTaskThread "GC Thread#6" [stack: 0x0000008b84a00000,0x0000008b84b00000] [id=24276]
  0x0000023536547000 GCTaskThread "GC Thread#7" [stack: 0x0000008b84b00000,0x0000008b84c00000] [id=12348]
  0x000002351408c000 ConcurrentGCThread "G1 Main Marker" [stack: 0x0000008b82700000,0x0000008b82800000] [id=17316]
  0x000002351408f800 ConcurrentGCThread "G1 Conc#0" [stack: 0x0000008b82800000,0x0000008b82900000] [id=29152]
  0x0000023534e87800 ConcurrentGCThread "G1 Conc#1" [stack: 0x0000008b85400000,0x0000008b85500000] [id=15392]
  0x000002352f4c6800 ConcurrentGCThread "G1 Refine#0" [stack: 0x0000008b82900000,0x0000008b82a00000] [id=6272]
  0x000002352f4c7000 ConcurrentGCThread "G1 Young RemSet Sampling" [stack: 0x0000008b82a00000,0x0000008b82b00000] [id=27120]

Threads with active compile tasks:
C2 CompilerThread0    30270 5122 %     4       org.objectweb.asm.ClassReader::readCode @ 1432 (5109 bytes)
C2 CompilerThread1    30270 5115       4       org.objectweb.asm.ClassReader::accept (1412 bytes)
C2 CompilerThread2    30270 5133       4       org.objectweb.asm.ClassReader::readMethod (1066 bytes)

VM state:at safepoint (normal execution)

VM Mutex/Monitor currently owned by a thread:  ([mutex/lock_event])
[0x0000023514059ef0] Threads_lock - owner thread: 0x000002352f618000
[0x0000023514059320] Heap_lock - owner thread: 0x0000023531ebb800

Heap address: 0x00000000e0000000, size: 512 MB, Compressed Oops mode: 32-bit
Narrow klass base: 0x0000000800000000, Narrow klass shift: 3
Compressed class space size: 260046848 Address: 0x0000000800b40000

Heap:
 garbage-first heap   total 262144K, used 216217K [0x00000000e0000000, 0x0000000100000000)
  region size 1024K, 143 young (146432K), 9 survivors (9216K)
 Metaspace       used 40825K, capacity 42060K, committed 42240K, reserved 290816K
  class space    used 5608K, capacity 6077K, committed 6144K, reserved 253952K
Heap Regions: E=young(eden), S=young(survivor), O=old, HS=humongous(starts), HC=humongous(continues), CS=collection set, F=free, A=archive, TAMS=top-at-mark-start (previous, next)
|   0|0x00000000e0000000, 0x00000000e0100000, 0x00000000e0100000|100%|HS|  |TAMS 0x00000000e0100000, 0x00000000e0000000| Complete 
|   1|0x00000000e0100000, 0x00000000e0200000, 0x00000000e0200000|100%|HC|  |TAMS 0x00000000e0200000, 0x00000000e0100000| Complete 
|   2|0x00000000e0200000, 0x00000000e0300000, 0x00000000e0300000|100%|HS|  |TAMS 0x00000000e0300000, 0x00000000e0200000| Complete 
|   3|0x00000000e0300000, 0x00000000e0400000, 0x00000000e0400000|100%|HS|  |TAMS 0x00000000e0400000, 0x00000000e0300000| Complete 
|   4|0x00000000e0400000, 0x00000000e0500000, 0x00000000e0500000|100%|HC|  |TAMS 0x00000000e0500000, 0x00000000e0400000| Complete 
|   5|0x00000000e0500000, 0x00000000e0600000, 0x00000000e0600000|100%|HC|  |TAMS 0x00000000e0600000, 0x00000000e0500000| Complete 
|   6|0x00000000e0600000, 0x00000000e0700000, 0x00000000e0700000|100%| O|  |TAMS 0x00000000e0700000, 0x00000000e0600000| Untracked 
|   7|0x00000000e0700000, 0x00000000e0800000, 0x00000000e0800000|100%| O|  |TAMS 0x00000000e0800000, 0x00000000e0700000| Untracked 
|   8|0x00000000e0800000, 0x00000000e0900000, 0x00000000e0900000|100%| O|  |TAMS 0x00000000e0900000, 0x00000000e0800000| Untracked 
|   9|0x00000000e0900000, 0x00000000e0a00000, 0x00000000e0a00000|100%| O|  |TAMS 0x00000000e0a00000, 0x00000000e0900000| Untracked 
|  10|0x00000000e0a00000, 0x00000000e0b00000, 0x00000000e0b00000|100%|HS|  |TAMS 0x00000000e0b00000, 0x00000000e0a00000| Complete 
|  11|0x00000000e0b00000, 0x00000000e0c00000, 0x00000000e0c00000|100%|HC|  |TAMS 0x00000000e0c00000, 0x00000000e0b00000| Complete 
|  12|0x00000000e0c00000, 0x00000000e0d00000, 0x00000000e0d00000|100%|HC|  |TAMS 0x00000000e0d00000, 0x00000000e0c00000| Complete 
|  13|0x00000000e0d00000, 0x00000000e0e00000, 0x00000000e0e00000|100%|HS|  |TAMS 0x00000000e0e00000, 0x00000000e0d00000| Complete 
|  14|0x00000000e0e00000, 0x00000000e0f00000, 0x00000000e0f00000|100%|HC|  |TAMS 0x00000000e0f00000, 0x00000000e0e00000| Complete 
|  15|0x00000000e0f00000, 0x00000000e1000000, 0x00000000e1000000|100%|HC|  |TAMS 0x00000000e1000000, 0x00000000e0f00000| Complete 
|  16|0x00000000e1000000, 0x00000000e1100000, 0x00000000e1100000|100%|HS|  |TAMS 0x00000000e1100000, 0x00000000e1000000| Complete 
|  17|0x00000000e1100000, 0x00000000e1200000, 0x00000000e1200000|100%|HC|  |TAMS 0x00000000e1200000, 0x00000000e1100000| Complete 
|  18|0x00000000e1200000, 0x00000000e1300000, 0x00000000e1300000|100%|HS|  |TAMS 0x00000000e1300000, 0x00000000e1200000| Complete 
|  19|0x00000000e1300000, 0x00000000e1400000, 0x00000000e1400000|100%|HC|  |TAMS 0x00000000e1400000, 0x00000000e1300000| Complete 
|  20|0x00000000e1400000, 0x00000000e1500000, 0x00000000e1500000|100%|HC|  |TAMS 0x00000000e1500000, 0x00000000e1400000| Complete 
|  21|0x00000000e1500000, 0x00000000e1600000, 0x00000000e1600000|100%|HC|  |TAMS 0x00000000e1600000, 0x00000000e1500000| Complete 
|  22|0x00000000e1600000, 0x00000000e1700000, 0x00000000e1700000|100%|HC|  |TAMS 0x00000000e1700000, 0x00000000e1600000| Complete 
|  23|0x00000000e1700000, 0x00000000e1800000, 0x00000000e1800000|100%|HC|  |TAMS 0x00000000e1800000, 0x00000000e1700000| Complete 
|  24|0x00000000e1800000, 0x00000000e1900000, 0x00000000e1900000|100%|HC|  |TAMS 0x00000000e1900000, 0x00000000e1800000| Complete 
|  25|0x00000000e1900000, 0x00000000e1a00000, 0x00000000e1a00000|100%|HC|  |TAMS 0x00000000e1a00000, 0x00000000e1900000| Complete 
|  26|0x00000000e1a00000, 0x00000000e1b00000, 0x00000000e1b00000|100%|HC|  |TAMS 0x00000000e1b00000, 0x00000000e1a00000| Complete 
|  27|0x00000000e1b00000, 0x00000000e1c00000, 0x00000000e1c00000|100%|HC|  |TAMS 0x00000000e1c00000, 0x00000000e1b00000| Complete 
|  28|0x00000000e1c00000, 0x00000000e1d00000, 0x00000000e1d00000|100%|HC|  |TAMS 0x00000000e1d00000, 0x00000000e1c00000| Complete 
|  29|0x00000000e1d00000, 0x00000000e1e00000, 0x00000000e1e00000|100%|HS|  |TAMS 0x00000000e1e00000, 0x00000000e1d00000| Complete 
|  30|0x00000000e1e00000, 0x00000000e1f00000, 0x00000000e1f00000|100%|HC|  |TAMS 0x00000000e1f00000, 0x00000000e1e00000| Complete 
|  31|0x00000000e1f00000, 0x00000000e2000000, 0x00000000e2000000|100%|HS|  |TAMS 0x00000000e2000000, 0x00000000e1f00000| Complete 
|  32|0x00000000e2000000, 0x00000000e2100000, 0x00000000e2100000|100%|HC|  |TAMS 0x00000000e2100000, 0x00000000e2000000| Complete 
|  33|0x00000000e2100000, 0x00000000e2200000, 0x00000000e2200000|100%|HC|  |TAMS 0x00000000e2200000, 0x00000000e2100000| Complete 
|  34|0x00000000e2200000, 0x00000000e2300000, 0x00000000e2300000|100%|HC|  |TAMS 0x00000000e2300000, 0x00000000e2200000| Complete 
|  35|0x00000000e2300000, 0x00000000e2400000, 0x00000000e2400000|100%|HC|  |TAMS 0x00000000e2400000, 0x00000000e2300000| Complete 
|  36|0x00000000e2400000, 0x00000000e2500000, 0x00000000e2500000|100%|HC|  |TAMS 0x00000000e2500000, 0x00000000e2400000| Complete 
|  37|0x00000000e2500000, 0x00000000e2600000, 0x00000000e2600000|100%|HC|  |TAMS 0x00000000e2600000, 0x00000000e2500000| Complete 
|  38|0x00000000e2600000, 0x00000000e2700000, 0x00000000e2700000|100%| O|  |TAMS 0x00000000e2700000, 0x00000000e2600000| Untracked 
|  39|0x00000000e2700000, 0x00000000e2800000, 0x00000000e2800000|100%| O|  |TAMS 0x00000000e2800000, 0x00000000e2700000| Untracked 
|  40|0x00000000e2800000, 0x00000000e2900000, 0x00000000e2900000|100%| O|  |TAMS 0x00000000e2900000, 0x00000000e2800000| Untracked 
|  41|0x00000000e2900000, 0x00000000e2a00000, 0x00000000e2a00000|100%| O|  |TAMS 0x00000000e2900000, 0x00000000e2900000| Untracked 
|  42|0x00000000e2a00000, 0x00000000e2b00000, 0x00000000e2b00000|100%| O|  |TAMS 0x00000000e2a00000, 0x00000000e2a00000| Untracked 
|  43|0x00000000e2b00000, 0x00000000e2c00000, 0x00000000e2c00000|100%| O|  |TAMS 0x00000000e2b00000, 0x00000000e2b00000| Untracked 
|  44|0x00000000e2c00000, 0x00000000e2d00000, 0x00000000e2d00000|100%| O|  |TAMS 0x00000000e2d00000, 0x00000000e2c00000| Untracked 
|  45|0x00000000e2d00000, 0x00000000e2e00000, 0x00000000e2e00000|100%| O|  |TAMS 0x00000000e2e00000, 0x00000000e2d00000| Untracked 
|  46|0x00000000e2e00000, 0x00000000e2f00000, 0x00000000e2f00000|100%| O|  |TAMS 0x00000000e2f00000, 0x00000000e2e00000| Untracked 
|  47|0x00000000e2f00000, 0x00000000e3000000, 0x00000000e3000000|100%| O|  |TAMS 0x00000000e3000000, 0x00000000e2f00000| Untracked 
|  48|0x00000000e3000000, 0x00000000e3100000, 0x00000000e3100000|100%| O|  |TAMS 0x00000000e3100000, 0x00000000e3000000| Untracked 
|  49|0x00000000e3100000, 0x00000000e3200000, 0x00000000e3200000|100%| O|  |TAMS 0x00000000e3200000, 0x00000000e3100000| Untracked 
|  50|0x00000000e3200000, 0x00000000e3300000, 0x00000000e3300000|100%| O|  |TAMS 0x00000000e3300000, 0x00000000e3200000| Untracked 
|  51|0x00000000e3300000, 0x00000000e3400000, 0x00000000e3400000|100%| O|  |TAMS 0x00000000e3400000, 0x00000000e3300000| Untracked 
|  52|0x00000000e3400000, 0x00000000e3500000, 0x00000000e3500000|100%| O|  |TAMS 0x00000000e3478a00, 0x00000000e3400000| Untracked 
|  53|0x00000000e3500000, 0x00000000e3600000, 0x00000000e3600000|100%| O|  |TAMS 0x00000000e3500000, 0x00000000e3500000| Untracked 
|  54|0x00000000e3600000, 0x00000000e3600000, 0x00000000e3700000|  0%| F|  |TAMS 0x00000000e3600000, 0x00000000e3600000| Untracked 
|  55|0x00000000e3700000, 0x00000000e3700000, 0x00000000e3800000|  0%| F|  |TAMS 0x00000000e3700000, 0x00000000e3700000| Untracked 
|  56|0x00000000e3800000, 0x00000000e3900000, 0x00000000e3900000|100%| O|  |TAMS 0x00000000e3800000, 0x00000000e3800000| Untracked 
|  57|0x00000000e3900000, 0x00000000e3a00000, 0x00000000e3a00000|100%| O|  |TAMS 0x00000000e3900000, 0x00000000e3900000| Untracked 
|  58|0x00000000e3a00000, 0x00000000e3b00000, 0x00000000e3b00000|100%| O|  |TAMS 0x00000000e3a00000, 0x00000000e3a00000| Untracked 
|  59|0x00000000e3b00000, 0x00000000e3c00000, 0x00000000e3c00000|100%| O|  |TAMS 0x00000000e3b00000, 0x00000000e3b00000| Untracked 
|  60|0x00000000e3c00000, 0x00000000e3d00000, 0x00000000e3d00000|100%| O|  |TAMS 0x00000000e3c00000, 0x00000000e3c00000| Untracked 
|  61|0x00000000e3d00000, 0x00000000e3e00000, 0x00000000e3e00000|100%| O|  |TAMS 0x00000000e3d00000, 0x00000000e3d00000| Untracked 
|  62|0x00000000e3e00000, 0x00000000e3e00000, 0x00000000e3f00000|  0%| F|  |TAMS 0x00000000e3e00000, 0x00000000e3e00000| Untracked 
|  63|0x00000000e3f00000, 0x00000000e3f00000, 0x00000000e4000000|  0%| F|  |TAMS 0x00000000e3f00000, 0x00000000e3f00000| Untracked 
|  64|0x00000000e4000000, 0x00000000e4100000, 0x00000000e4100000|100%|HS|  |TAMS 0x00000000e4000000, 0x00000000e4000000| Complete 
|  65|0x00000000e4100000, 0x00000000e4200000, 0x00000000e4200000|100%|HC|  |TAMS 0x00000000e4100000, 0x00000000e4100000| Complete 
|  66|0x00000000e4200000, 0x00000000e4300000, 0x00000000e4300000|100%|HS|  |TAMS 0x00000000e4200000, 0x00000000e4200000| Complete 
|  67|0x00000000e4300000, 0x00000000e4400000, 0x00000000e4400000|100%|HC|  |TAMS 0x00000000e4300000, 0x00000000e4300000| Complete 
|  68|0x00000000e4400000, 0x00000000e4500000, 0x00000000e4500000|100%|HC|  |TAMS 0x00000000e4400000, 0x00000000e4400000| Complete 
|  69|0x00000000e4500000, 0x00000000e4600000, 0x00000000e4600000|100%|HC|  |TAMS 0x00000000e4500000, 0x00000000e4500000| Complete 
|  70|0x00000000e4600000, 0x00000000e4700000, 0x00000000e4700000|100%|HC|  |TAMS 0x00000000e4600000, 0x00000000e4600000| Complete 
|  71|0x00000000e4700000, 0x00000000e4800000, 0x00000000e4800000|100%|HC|  |TAMS 0x00000000e4700000, 0x00000000e4700000| Complete 
|  72|0x00000000e4800000, 0x00000000e4900000, 0x00000000e4900000|100%|HC|  |TAMS 0x00000000e4800000, 0x00000000e4800000| Complete 
|  73|0x00000000e4900000, 0x00000000e4a00000, 0x00000000e4a00000|100%|HS|  |TAMS 0x00000000e4900000, 0x00000000e4900000| Complete 
|  74|0x00000000e4a00000, 0x00000000e4a00000, 0x00000000e4b00000|  0%| F|  |TAMS 0x00000000e4a00000, 0x00000000e4a00000| Untracked 
|  75|0x00000000e4b00000, 0x00000000e4b00000, 0x00000000e4c00000|  0%| F|  |TAMS 0x00000000e4b00000, 0x00000000e4b00000| Untracked 
|  76|0x00000000e4c00000, 0x00000000e4c00000, 0x00000000e4d00000|  0%| F|  |TAMS 0x00000000e4c00000, 0x00000000e4c00000| Untracked 
|  77|0x00000000e4d00000, 0x00000000e4d00000, 0x00000000e4e00000|  0%| F|  |TAMS 0x00000000e4d00000, 0x00000000e4d00000| Untracked 
|  78|0x00000000e4e00000, 0x00000000e4e00000, 0x00000000e4f00000|  0%| F|  |TAMS 0x00000000e4e00000, 0x00000000e4e00000| Untracked 
|  79|0x00000000e4f00000, 0x00000000e4f00000, 0x00000000e5000000|  0%| F|  |TAMS 0x00000000e4f00000, 0x00000000e4f00000| Untracked 
|  80|0x00000000e5000000, 0x00000000e5000000, 0x00000000e5100000|  0%| F|  |TAMS 0x00000000e5000000, 0x00000000e5000000| Untracked 
|  81|0x00000000e5100000, 0x00000000e5100000, 0x00000000e5200000|  0%| F|  |TAMS 0x00000000e5100000, 0x00000000e5100000| Untracked 
|  82|0x00000000e5200000, 0x00000000e5200000, 0x00000000e5300000|  0%| F|  |TAMS 0x00000000e5200000, 0x00000000e5200000| Untracked 
|  83|0x00000000e5300000, 0x00000000e5300000, 0x00000000e5400000|  0%| F|  |TAMS 0x00000000e5300000, 0x00000000e5300000| Untracked 
|  84|0x00000000e5400000, 0x00000000e5400000, 0x00000000e5500000|  0%| F|  |TAMS 0x00000000e5400000, 0x00000000e5400000| Untracked 
|  85|0x00000000e5500000, 0x00000000e5500000, 0x00000000e5600000|  0%| F|  |TAMS 0x00000000e5500000, 0x00000000e5500000| Untracked 
|  86|0x00000000e5600000, 0x00000000e5600000, 0x00000000e5700000|  0%| F|  |TAMS 0x00000000e5600000, 0x00000000e5600000| Untracked 
|  87|0x00000000e5700000, 0x00000000e5700000, 0x00000000e5800000|  0%| F|  |TAMS 0x00000000e5700000, 0x00000000e5700000| Untracked 
|  88|0x00000000e5800000, 0x00000000e5800000, 0x00000000e5900000|  0%| F|  |TAMS 0x00000000e5800000, 0x00000000e5800000| Untracked 
|  89|0x00000000e5900000, 0x00000000e5900000, 0x00000000e5a00000|  0%| F|  |TAMS 0x00000000e5900000, 0x00000000e5900000| Untracked 
|  90|0x00000000e5a00000, 0x00000000e5a00000, 0x00000000e5b00000|  0%| F|  |TAMS 0x00000000e5a00000, 0x00000000e5a00000| Untracked 
|  91|0x00000000e5b00000, 0x00000000e5b00000, 0x00000000e5c00000|  0%| F|  |TAMS 0x00000000e5b00000, 0x00000000e5b00000| Untracked 
|  92|0x00000000e5c00000, 0x00000000e5c00000, 0x00000000e5d00000|  0%| F|  |TAMS 0x00000000e5c00000, 0x00000000e5c00000| Untracked 
|  93|0x00000000e5d00000, 0x00000000e5d00000, 0x00000000e5e00000|  0%| F|  |TAMS 0x00000000e5d00000, 0x00000000e5d00000| Untracked 
|  94|0x00000000e5e00000, 0x00000000e5e00000, 0x00000000e5f00000|  0%| F|  |TAMS 0x00000000e5e00000, 0x00000000e5e00000| Untracked 
|  95|0x00000000e5f00000, 0x00000000e5f00000, 0x00000000e6000000|  0%| F|  |TAMS 0x00000000e5f00000, 0x00000000e5f00000| Untracked 
|  96|0x00000000e6000000, 0x00000000e6000000, 0x00000000e6100000|  0%| F|  |TAMS 0x00000000e6000000, 0x00000000e6000000| Untracked 
|  97|0x00000000e6100000, 0x00000000e6100000, 0x00000000e6200000|  0%| F|  |TAMS 0x00000000e6100000, 0x00000000e6100000| Untracked 
|  98|0x00000000e6200000, 0x00000000e6200000, 0x00000000e6300000|  0%| F|  |TAMS 0x00000000e6200000, 0x00000000e6200000| Untracked 
|  99|0x00000000e6300000, 0x00000000e6300000, 0x00000000e6400000|  0%| F|  |TAMS 0x00000000e6300000, 0x00000000e6300000| Untracked 
| 100|0x00000000e6400000, 0x00000000e6400000, 0x00000000e6500000|  0%| F|  |TAMS 0x00000000e6400000, 0x00000000e6400000| Untracked 
| 101|0x00000000e6500000, 0x00000000e6500000, 0x00000000e6600000|  0%| F|  |TAMS 0x00000000e6500000, 0x00000000e6500000| Untracked 
| 102|0x00000000e6600000, 0x00000000e6600000, 0x00000000e6700000|  0%| F|  |TAMS 0x00000000e6600000, 0x00000000e6600000| Untracked 
| 103|0x00000000e6700000, 0x00000000e6700000, 0x00000000e6800000|  0%| F|  |TAMS 0x00000000e6700000, 0x00000000e6700000| Untracked 
| 104|0x00000000e6800000, 0x00000000e6800000, 0x00000000e6900000|  0%| F|  |TAMS 0x00000000e6800000, 0x00000000e6800000| Untracked 
| 105|0x00000000e6900000, 0x00000000e6979548, 0x00000000e6a00000| 47%| S|  |TAMS 0x00000000e6900000, 0x00000000e6900000| Complete 
| 106|0x00000000e6a00000, 0x00000000e6b00000, 0x00000000e6b00000|100%| S|  |TAMS 0x00000000e6a00000, 0x00000000e6a00000| Complete 
| 107|0x00000000e6b00000, 0x00000000e6c00000, 0x00000000e6c00000|100%| S|  |TAMS 0x00000000e6b00000, 0x00000000e6b00000| Complete 
| 108|0x00000000e6c00000, 0x00000000e6d00000, 0x00000000e6d00000|100%| S|  |TAMS 0x00000000e6c00000, 0x00000000e6c00000| Complete 
| 109|0x00000000e6d00000, 0x00000000e6d265f8, 0x00000000e6e00000| 14%| E|CS|TAMS 0x00000000e6d00000, 0x00000000e6d00000| Complete 
| 110|0x00000000e6e00000, 0x00000000e6f00000, 0x00000000e6f00000|100%| E|CS|TAMS 0x00000000e6e00000, 0x00000000e6e00000| Complete 
| 111|0x00000000e6f00000, 0x00000000e7000000, 0x00000000e7000000|100%| E|CS|TAMS 0x00000000e6f00000, 0x00000000e6f00000| Complete 
| 112|0x00000000e7000000, 0x00000000e7100000, 0x00000000e7100000|100%| E|CS|TAMS 0x00000000e7000000, 0x00000000e7000000| Complete 
| 113|0x00000000e7100000, 0x00000000e7200000, 0x00000000e7200000|100%| S|  |TAMS 0x00000000e7100000, 0x00000000e7100000| Complete 
| 114|0x00000000e7200000, 0x00000000e7300000, 0x00000000e7300000|100%| S|  |TAMS 0x00000000e7200000, 0x00000000e7200000| Complete 
| 115|0x00000000e7300000, 0x00000000e7400000, 0x00000000e7400000|100%| S|  |TAMS 0x00000000e7300000, 0x00000000e7300000| Complete 
| 116|0x00000000e7400000, 0x00000000e7500000, 0x00000000e7500000|100%| S|  |TAMS 0x00000000e7400000, 0x00000000e7400000| Complete 
| 117|0x00000000e7500000, 0x00000000e7600000, 0x00000000e7600000|100%| S|  |TAMS 0x00000000e7500000, 0x00000000e7500000| Complete 
| 118|0x00000000e7600000, 0x00000000e7700000, 0x00000000e7700000|100%| E|CS|TAMS 0x00000000e7600000, 0x00000000e7600000| Complete 
| 119|0x00000000e7700000, 0x00000000e7800000, 0x00000000e7800000|100%| E|CS|TAMS 0x00000000e7700000, 0x00000000e7700000| Complete 
| 120|0x00000000e7800000, 0x00000000e7900000, 0x00000000e7900000|100%| E|CS|TAMS 0x00000000e7800000, 0x00000000e7800000| Complete 
| 121|0x00000000e7900000, 0x00000000e7a00000, 0x00000000e7a00000|100%| E|CS|TAMS 0x00000000e7900000, 0x00000000e7900000| Complete 
| 122|0x00000000e7a00000, 0x00000000e7b00000, 0x00000000e7b00000|100%| E|CS|TAMS 0x00000000e7a00000, 0x00000000e7a00000| Complete 
| 123|0x00000000e7b00000, 0x00000000e7c00000, 0x00000000e7c00000|100%| E|CS|TAMS 0x00000000e7b00000, 0x00000000e7b00000| Complete 
| 124|0x00000000e7c00000, 0x00000000e7d00000, 0x00000000e7d00000|100%| E|CS|TAMS 0x00000000e7c00000, 0x00000000e7c00000| Complete 
| 125|0x00000000e7d00000, 0x00000000e7e00000, 0x00000000e7e00000|100%| E|CS|TAMS 0x00000000e7d00000, 0x00000000e7d00000| Complete 
| 126|0x00000000e7e00000, 0x00000000e7f00000, 0x00000000e7f00000|100%| E|CS|TAMS 0x00000000e7e00000, 0x00000000e7e00000| Complete 
| 127|0x00000000e7f00000, 0x00000000e8000000, 0x00000000e8000000|100%| E|CS|TAMS 0x00000000e7f00000, 0x00000000e7f00000| Complete 
| 128|0x00000000e8000000, 0x00000000e8100000, 0x00000000e8100000|100%| E|CS|TAMS 0x00000000e8000000, 0x00000000e8000000| Complete 
| 129|0x00000000e8100000, 0x00000000e8200000, 0x00000000e8200000|100%| E|CS|TAMS 0x00000000e8100000, 0x00000000e8100000| Complete 
| 130|0x00000000e8200000, 0x00000000e8300000, 0x00000000e8300000|100%| E|CS|TAMS 0x00000000e8200000, 0x00000000e8200000| Complete 
| 131|0x00000000e8300000, 0x00000000e8400000, 0x00000000e8400000|100%| E|CS|TAMS 0x00000000e8300000, 0x00000000e8300000| Complete 
| 132|0x00000000e8400000, 0x00000000e8500000, 0x00000000e8500000|100%| E|CS|TAMS 0x00000000e8400000, 0x00000000e8400000| Complete 
| 133|0x00000000e8500000, 0x00000000e8600000, 0x00000000e8600000|100%| E|CS|TAMS 0x00000000e8500000, 0x00000000e8500000| Complete 
| 134|0x00000000e8600000, 0x00000000e8700000, 0x00000000e8700000|100%| E|CS|TAMS 0x00000000e8600000, 0x00000000e8600000| Complete 
| 135|0x00000000e8700000, 0x00000000e8800000, 0x00000000e8800000|100%| E|CS|TAMS 0x00000000e8700000, 0x00000000e8700000| Complete 
| 136|0x00000000e8800000, 0x00000000e8900000, 0x00000000e8900000|100%| E|CS|TAMS 0x00000000e8800000, 0x00000000e8800000| Complete 
| 137|0x00000000e8900000, 0x00000000e8a00000, 0x00000000e8a00000|100%| E|CS|TAMS 0x00000000e8900000, 0x00000000e8900000| Complete 
| 138|0x00000000e8a00000, 0x00000000e8b00000, 0x00000000e8b00000|100%| E|CS|TAMS 0x00000000e8a00000, 0x00000000e8a00000| Complete 
| 139|0x00000000e8b00000, 0x00000000e8c00000, 0x00000000e8c00000|100%| E|CS|TAMS 0x00000000e8b00000, 0x00000000e8b00000| Complete 
| 140|0x00000000e8c00000, 0x00000000e8d00000, 0x00000000e8d00000|100%| E|CS|TAMS 0x00000000e8c00000, 0x00000000e8c00000| Complete 
| 141|0x00000000e8d00000, 0x00000000e8e00000, 0x00000000e8e00000|100%| E|CS|TAMS 0x00000000e8d00000, 0x00000000e8d00000| Complete 
| 142|0x00000000e8e00000, 0x00000000e8f00000, 0x00000000e8f00000|100%| E|CS|TAMS 0x00000000e8e00000, 0x00000000e8e00000| Complete 
| 143|0x00000000e8f00000, 0x00000000e9000000, 0x00000000e9000000|100%| E|CS|TAMS 0x00000000e8f00000, 0x00000000e8f00000| Complete 
| 144|0x00000000e9000000, 0x00000000e9100000, 0x00000000e9100000|100%| E|CS|TAMS 0x00000000e9000000, 0x00000000e9000000| Complete 
| 145|0x00000000e9100000, 0x00000000e9200000, 0x00000000e9200000|100%| E|CS|TAMS 0x00000000e9100000, 0x00000000e9100000| Complete 
| 146|0x00000000e9200000, 0x00000000e9300000, 0x00000000e9300000|100%| E|CS|TAMS 0x00000000e9200000, 0x00000000e9200000| Complete 
| 147|0x00000000e9300000, 0x00000000e9400000, 0x00000000e9400000|100%| E|CS|TAMS 0x00000000e9300000, 0x00000000e9300000| Complete 
| 148|0x00000000e9400000, 0x00000000e9500000, 0x00000000e9500000|100%| E|CS|TAMS 0x00000000e9400000, 0x00000000e9400000| Complete 
| 149|0x00000000e9500000, 0x00000000e9600000, 0x00000000e9600000|100%| E|CS|TAMS 0x00000000e9500000, 0x00000000e9500000| Complete 
| 150|0x00000000e9600000, 0x00000000e9700000, 0x00000000e9700000|100%| E|CS|TAMS 0x00000000e9600000, 0x00000000e9600000| Complete 
| 151|0x00000000e9700000, 0x00000000e9800000, 0x00000000e9800000|100%| E|CS|TAMS 0x00000000e9700000, 0x00000000e9700000| Complete 
| 152|0x00000000e9800000, 0x00000000e9900000, 0x00000000e9900000|100%| E|CS|TAMS 0x00000000e9800000, 0x00000000e9800000| Complete 
| 153|0x00000000e9900000, 0x00000000e9a00000, 0x00000000e9a00000|100%| E|CS|TAMS 0x00000000e9900000, 0x00000000e9900000| Complete 
| 154|0x00000000e9a00000, 0x00000000e9b00000, 0x00000000e9b00000|100%| E|CS|TAMS 0x00000000e9a00000, 0x00000000e9a00000| Complete 
| 155|0x00000000e9b00000, 0x00000000e9c00000, 0x00000000e9c00000|100%| E|CS|TAMS 0x00000000e9b00000, 0x00000000e9b00000| Complete 
| 156|0x00000000e9c00000, 0x00000000e9d00000, 0x00000000e9d00000|100%| E|CS|TAMS 0x00000000e9c00000, 0x00000000e9c00000| Complete 
| 157|0x00000000e9d00000, 0x00000000e9e00000, 0x00000000e9e00000|100%| E|CS|TAMS 0x00000000e9d00000, 0x00000000e9d00000| Complete 
| 158|0x00000000e9e00000, 0x00000000e9f00000, 0x00000000e9f00000|100%| E|CS|TAMS 0x00000000e9e00000, 0x00000000e9e00000| Complete 
| 159|0x00000000e9f00000, 0x00000000ea000000, 0x00000000ea000000|100%| E|CS|TAMS 0x00000000e9f00000, 0x00000000e9f00000| Complete 
| 160|0x00000000ea000000, 0x00000000ea100000, 0x00000000ea100000|100%| E|CS|TAMS 0x00000000ea000000, 0x00000000ea000000| Complete 
| 161|0x00000000ea100000, 0x00000000ea200000, 0x00000000ea200000|100%| E|CS|TAMS 0x00000000ea100000, 0x00000000ea100000| Complete 
| 162|0x00000000ea200000, 0x00000000ea300000, 0x00000000ea300000|100%| E|CS|TAMS 0x00000000ea200000, 0x00000000ea200000| Complete 
| 163|0x00000000ea300000, 0x00000000ea400000, 0x00000000ea400000|100%| E|CS|TAMS 0x00000000ea300000, 0x00000000ea300000| Complete 
| 164|0x00000000ea400000, 0x00000000ea500000, 0x00000000ea500000|100%| E|CS|TAMS 0x00000000ea400000, 0x00000000ea400000| Complete 
| 165|0x00000000ea500000, 0x00000000ea600000, 0x00000000ea600000|100%| E|CS|TAMS 0x00000000ea500000, 0x00000000ea500000| Complete 
| 166|0x00000000ea600000, 0x00000000ea700000, 0x00000000ea700000|100%| E|CS|TAMS 0x00000000ea600000, 0x00000000ea600000| Complete 
| 167|0x00000000ea700000, 0x00000000ea800000, 0x00000000ea800000|100%| E|CS|TAMS 0x00000000ea700000, 0x00000000ea700000| Complete 
| 168|0x00000000ea800000, 0x00000000ea900000, 0x00000000ea900000|100%| E|CS|TAMS 0x00000000ea800000, 0x00000000ea800000| Complete 
| 169|0x00000000ea900000, 0x00000000eaa00000, 0x00000000eaa00000|100%| E|CS|TAMS 0x00000000ea900000, 0x00000000ea900000| Complete 
| 170|0x00000000eaa00000, 0x00000000eab00000, 0x00000000eab00000|100%| E|CS|TAMS 0x00000000eaa00000, 0x00000000eaa00000| Complete 
| 171|0x00000000eab00000, 0x00000000eac00000, 0x00000000eac00000|100%| E|CS|TAMS 0x00000000eab00000, 0x00000000eab00000| Complete 
| 172|0x00000000eac00000, 0x00000000ead00000, 0x00000000ead00000|100%| E|CS|TAMS 0x00000000eac00000, 0x00000000eac00000| Complete 
| 173|0x00000000ead00000, 0x00000000eae00000, 0x00000000eae00000|100%| E|CS|TAMS 0x00000000ead00000, 0x00000000ead00000| Complete 
| 174|0x00000000eae00000, 0x00000000eaf00000, 0x00000000eaf00000|100%| E|CS|TAMS 0x00000000eae00000, 0x00000000eae00000| Complete 
| 175|0x00000000eaf00000, 0x00000000eb000000, 0x00000000eb000000|100%| E|CS|TAMS 0x00000000eaf00000, 0x00000000eaf00000| Complete 
| 176|0x00000000eb000000, 0x00000000eb100000, 0x00000000eb100000|100%| E|CS|TAMS 0x00000000eb000000, 0x00000000eb000000| Complete 
| 177|0x00000000eb100000, 0x00000000eb200000, 0x00000000eb200000|100%| E|CS|TAMS 0x00000000eb100000, 0x00000000eb100000| Complete 
| 178|0x00000000eb200000, 0x00000000eb300000, 0x00000000eb300000|100%| E|CS|TAMS 0x00000000eb200000, 0x00000000eb200000| Complete 
| 179|0x00000000eb300000, 0x00000000eb400000, 0x00000000eb400000|100%| E|CS|TAMS 0x00000000eb300000, 0x00000000eb300000| Complete 
| 180|0x00000000eb400000, 0x00000000eb500000, 0x00000000eb500000|100%| E|CS|TAMS 0x00000000eb400000, 0x00000000eb400000| Complete 
| 181|0x00000000eb500000, 0x00000000eb600000, 0x00000000eb600000|100%| E|CS|TAMS 0x00000000eb500000, 0x00000000eb500000| Complete 
| 182|0x00000000eb600000, 0x00000000eb700000, 0x00000000eb700000|100%| E|CS|TAMS 0x00000000eb600000, 0x00000000eb600000| Complete 
| 183|0x00000000eb700000, 0x00000000eb800000, 0x00000000eb800000|100%| E|CS|TAMS 0x00000000eb700000, 0x00000000eb700000| Complete 
| 184|0x00000000eb800000, 0x00000000eb900000, 0x00000000eb900000|100%| E|CS|TAMS 0x00000000eb800000, 0x00000000eb800000| Complete 
| 185|0x00000000eb900000, 0x00000000eba00000, 0x00000000eba00000|100%| E|CS|TAMS 0x00000000eb900000, 0x00000000eb900000| Complete 
| 186|0x00000000eba00000, 0x00000000ebb00000, 0x00000000ebb00000|100%| E|CS|TAMS 0x00000000eba00000, 0x00000000eba00000| Complete 
| 187|0x00000000ebb00000, 0x00000000ebc00000, 0x00000000ebc00000|100%| E|CS|TAMS 0x00000000ebb00000, 0x00000000ebb00000| Complete 
| 188|0x00000000ebc00000, 0x00000000ebd00000, 0x00000000ebd00000|100%| E|CS|TAMS 0x00000000ebc00000, 0x00000000ebc00000| Complete 
| 189|0x00000000ebd00000, 0x00000000ebe00000, 0x00000000ebe00000|100%| E|CS|TAMS 0x00000000ebd00000, 0x00000000ebd00000| Complete 
| 190|0x00000000ebe00000, 0x00000000ebf00000, 0x00000000ebf00000|100%| E|CS|TAMS 0x00000000ebe00000, 0x00000000ebe00000| Complete 
| 191|0x00000000ebf00000, 0x00000000ec000000, 0x00000000ec000000|100%| E|CS|TAMS 0x00000000ebf00000, 0x00000000ebf00000| Complete 
| 192|0x00000000ec000000, 0x00000000ec100000, 0x00000000ec100000|100%| E|CS|TAMS 0x00000000ec000000, 0x00000000ec000000| Complete 
| 193|0x00000000ec100000, 0x00000000ec200000, 0x00000000ec200000|100%| E|CS|TAMS 0x00000000ec100000, 0x00000000ec100000| Complete 
| 194|0x00000000ec200000, 0x00000000ec300000, 0x00000000ec300000|100%| E|CS|TAMS 0x00000000ec200000, 0x00000000ec200000| Complete 
| 195|0x00000000ec300000, 0x00000000ec400000, 0x00000000ec400000|100%| E|CS|TAMS 0x00000000ec300000, 0x00000000ec300000| Complete 
| 196|0x00000000ec400000, 0x00000000ec500000, 0x00000000ec500000|100%| E|CS|TAMS 0x00000000ec400000, 0x00000000ec400000| Complete 
| 197|0x00000000ec500000, 0x00000000ec600000, 0x00000000ec600000|100%| E|CS|TAMS 0x00000000ec500000, 0x00000000ec500000| Complete 
| 198|0x00000000ec600000, 0x00000000ec700000, 0x00000000ec700000|100%| E|CS|TAMS 0x00000000ec600000, 0x00000000ec600000| Complete 
| 199|0x00000000ec700000, 0x00000000ec800000, 0x00000000ec800000|100%| E|CS|TAMS 0x00000000ec700000, 0x00000000ec700000| Complete 
| 200|0x00000000ec800000, 0x00000000ec900000, 0x00000000ec900000|100%| E|CS|TAMS 0x00000000ec800000, 0x00000000ec800000| Complete 
| 201|0x00000000ec900000, 0x00000000eca00000, 0x00000000eca00000|100%| E|CS|TAMS 0x00000000ec900000, 0x00000000ec900000| Complete 
| 202|0x00000000eca00000, 0x00000000ecb00000, 0x00000000ecb00000|100%| E|CS|TAMS 0x00000000eca00000, 0x00000000eca00000| Complete 
| 203|0x00000000ecb00000, 0x00000000ecc00000, 0x00000000ecc00000|100%| E|CS|TAMS 0x00000000ecb00000, 0x00000000ecb00000| Complete 
| 204|0x00000000ecc00000, 0x00000000ecd00000, 0x00000000ecd00000|100%| E|CS|TAMS 0x00000000ecc00000, 0x00000000ecc00000| Complete 
| 205|0x00000000ecd00000, 0x00000000ece00000, 0x00000000ece00000|100%| E|CS|TAMS 0x00000000ecd00000, 0x00000000ecd00000| Complete 
| 206|0x00000000ece00000, 0x00000000ecf00000, 0x00000000ecf00000|100%| E|CS|TAMS 0x00000000ece00000, 0x00000000ece00000| Complete 
| 207|0x00000000ecf00000, 0x00000000ed000000, 0x00000000ed000000|100%| E|CS|TAMS 0x00000000ecf00000, 0x00000000ecf00000| Complete 
| 208|0x00000000ed000000, 0x00000000ed100000, 0x00000000ed100000|100%| E|CS|TAMS 0x00000000ed000000, 0x00000000ed000000| Complete 
| 209|0x00000000ed100000, 0x00000000ed200000, 0x00000000ed200000|100%| E|CS|TAMS 0x00000000ed100000, 0x00000000ed100000| Complete 
| 210|0x00000000ed200000, 0x00000000ed300000, 0x00000000ed300000|100%| E|CS|TAMS 0x00000000ed200000, 0x00000000ed200000| Complete 
| 211|0x00000000ed300000, 0x00000000ed400000, 0x00000000ed400000|100%| E|CS|TAMS 0x00000000ed300000, 0x00000000ed300000| Complete 
| 212|0x00000000ed400000, 0x00000000ed500000, 0x00000000ed500000|100%| E|CS|TAMS 0x00000000ed400000, 0x00000000ed400000| Complete 
| 213|0x00000000ed500000, 0x00000000ed600000, 0x00000000ed600000|100%| E|CS|TAMS 0x00000000ed500000, 0x00000000ed500000| Complete 
| 214|0x00000000ed600000, 0x00000000ed700000, 0x00000000ed700000|100%| E|CS|TAMS 0x00000000ed600000, 0x00000000ed600000| Complete 
| 215|0x00000000ed700000, 0x00000000ed800000, 0x00000000ed800000|100%| E|CS|TAMS 0x00000000ed700000, 0x00000000ed700000| Complete 
| 216|0x00000000ed800000, 0x00000000ed900000, 0x00000000ed900000|100%| E|CS|TAMS 0x00000000ed800000, 0x00000000ed800000| Complete 
| 217|0x00000000ed900000, 0x00000000eda00000, 0x00000000eda00000|100%| E|CS|TAMS 0x00000000ed900000, 0x00000000ed900000| Complete 
| 218|0x00000000eda00000, 0x00000000edb00000, 0x00000000edb00000|100%| E|CS|TAMS 0x00000000eda00000, 0x00000000eda00000| Complete 
| 219|0x00000000edb00000, 0x00000000edc00000, 0x00000000edc00000|100%| E|CS|TAMS 0x00000000edb00000, 0x00000000edb00000| Complete 
| 220|0x00000000edc00000, 0x00000000edd00000, 0x00000000edd00000|100%| E|CS|TAMS 0x00000000edc00000, 0x00000000edc00000| Complete 
| 221|0x00000000edd00000, 0x00000000ede00000, 0x00000000ede00000|100%| E|CS|TAMS 0x00000000edd00000, 0x00000000edd00000| Complete 
| 222|0x00000000ede00000, 0x00000000edf00000, 0x00000000edf00000|100%| E|CS|TAMS 0x00000000ede00000, 0x00000000ede00000| Complete 
| 223|0x00000000edf00000, 0x00000000ee000000, 0x00000000ee000000|100%| E|CS|TAMS 0x00000000edf00000, 0x00000000edf00000| Complete 
| 224|0x00000000ee000000, 0x00000000ee100000, 0x00000000ee100000|100%| E|CS|TAMS 0x00000000ee000000, 0x00000000ee000000| Complete 
| 225|0x00000000ee100000, 0x00000000ee200000, 0x00000000ee200000|100%| E|CS|TAMS 0x00000000ee100000, 0x00000000ee100000| Complete 
| 226|0x00000000ee200000, 0x00000000ee300000, 0x00000000ee300000|100%| E|CS|TAMS 0x00000000ee200000, 0x00000000ee200000| Complete 
| 227|0x00000000ee300000, 0x00000000ee400000, 0x00000000ee400000|100%| E|CS|TAMS 0x00000000ee300000, 0x00000000ee300000| Complete 
| 228|0x00000000ee400000, 0x00000000ee500000, 0x00000000ee500000|100%| E|CS|TAMS 0x00000000ee400000, 0x00000000ee400000| Complete 
| 229|0x00000000ee500000, 0x00000000ee600000, 0x00000000ee600000|100%| E|CS|TAMS 0x00000000ee500000, 0x00000000ee500000| Complete 
| 230|0x00000000ee600000, 0x00000000ee700000, 0x00000000ee700000|100%| E|CS|TAMS 0x00000000ee600000, 0x00000000ee600000| Complete 
| 231|0x00000000ee700000, 0x00000000ee800000, 0x00000000ee800000|100%| E|CS|TAMS 0x00000000ee700000, 0x00000000ee700000| Complete 
| 232|0x00000000ee800000, 0x00000000ee900000, 0x00000000ee900000|100%| E|CS|TAMS 0x00000000ee800000, 0x00000000ee800000| Complete 
| 233|0x00000000ee900000, 0x00000000eea00000, 0x00000000eea00000|100%| E|CS|TAMS 0x00000000ee900000, 0x00000000ee900000| Complete 
| 234|0x00000000eea00000, 0x00000000eeb00000, 0x00000000eeb00000|100%| E|CS|TAMS 0x00000000eea00000, 0x00000000eea00000| Complete 
| 235|0x00000000eeb00000, 0x00000000eec00000, 0x00000000eec00000|100%| E|CS|TAMS 0x00000000eeb00000, 0x00000000eeb00000| Complete 
| 236|0x00000000eec00000, 0x00000000eed00000, 0x00000000eed00000|100%| E|CS|TAMS 0x00000000eec00000, 0x00000000eec00000| Complete 
| 237|0x00000000eed00000, 0x00000000eee00000, 0x00000000eee00000|100%| E|CS|TAMS 0x00000000eed00000, 0x00000000eed00000| Complete 
| 238|0x00000000eee00000, 0x00000000eef00000, 0x00000000eef00000|100%| E|CS|TAMS 0x00000000eee00000, 0x00000000eee00000| Complete 
| 239|0x00000000eef00000, 0x00000000ef000000, 0x00000000ef000000|100%| E|CS|TAMS 0x00000000eef00000, 0x00000000eef00000| Complete 
| 240|0x00000000ef000000, 0x00000000ef100000, 0x00000000ef100000|100%| E|CS|TAMS 0x00000000ef000000, 0x00000000ef000000| Complete 
| 241|0x00000000ef100000, 0x00000000ef200000, 0x00000000ef200000|100%| E|CS|TAMS 0x00000000ef100000, 0x00000000ef100000| Complete 
| 242|0x00000000ef200000, 0x00000000ef300000, 0x00000000ef300000|100%| E|CS|TAMS 0x00000000ef200000, 0x00000000ef200000| Complete 
| 243|0x00000000ef300000, 0x00000000ef400000, 0x00000000ef400000|100%| E|CS|TAMS 0x00000000ef300000, 0x00000000ef300000| Complete 
| 244|0x00000000ef400000, 0x00000000ef500000, 0x00000000ef500000|100%| E|CS|TAMS 0x00000000ef400000, 0x00000000ef400000| Complete 
| 245|0x00000000ef500000, 0x00000000ef600000, 0x00000000ef600000|100%| E|CS|TAMS 0x00000000ef500000, 0x00000000ef500000| Complete 
| 246|0x00000000ef600000, 0x00000000ef700000, 0x00000000ef700000|100%| E|CS|TAMS 0x00000000ef600000, 0x00000000ef600000| Complete 
| 247|0x00000000ef700000, 0x00000000ef800000, 0x00000000ef800000|100%| E|CS|TAMS 0x00000000ef700000, 0x00000000ef700000| Complete 
| 248|0x00000000ef800000, 0x00000000ef900000, 0x00000000ef900000|100%| E|CS|TAMS 0x00000000ef800000, 0x00000000ef800000| Complete 
| 249|0x00000000ef900000, 0x00000000efa00000, 0x00000000efa00000|100%| E|CS|TAMS 0x00000000ef900000, 0x00000000ef900000| Complete 
| 250|0x00000000efa00000, 0x00000000efb00000, 0x00000000efb00000|100%| E|CS|TAMS 0x00000000efa00000, 0x00000000efa00000| Complete 
| 251|0x00000000efb00000, 0x00000000efc00000, 0x00000000efc00000|100%| E|CS|TAMS 0x00000000efb00000, 0x00000000efb00000| Complete 
| 252|0x00000000efc00000, 0x00000000efd00000, 0x00000000efd00000|100%| E|CS|TAMS 0x00000000efc00000, 0x00000000efc00000| Complete 
| 253|0x00000000efd00000, 0x00000000efe00000, 0x00000000efe00000|100%| E|CS|TAMS 0x00000000efd00000, 0x00000000efd00000| Complete 
| 254|0x00000000efe00000, 0x00000000eff00000, 0x00000000eff00000|100%| E|CS|TAMS 0x00000000efe00000, 0x00000000efe00000| Complete 
| 255|0x00000000eff00000, 0x00000000f0000000, 0x00000000f0000000|100%| E|CS|TAMS 0x00000000eff00000, 0x00000000eff00000| Complete 

Card table byte_map: [0x000002352b9b0000,0x000002352bab0000] _byte_map_base: 0x000002352b2b0000

Marking Bits (Prev, Next): (CMBitMap*) 0x00000235140866a8, (CMBitMap*) 0x00000235140866e8
 Prev Bits: [0x000002352bbb0000, 0x000002352c3b0000)
 Next Bits: [0x000002352c3b0000, 0x000002352cbb0000)

Polling page: 0x0000023511fa0000

Metaspace:

Usage:
  Non-class:     35.14 MB capacity,    34.39 MB ( 98%) used,   651.09 KB (  2%) free+waste,   114.81 KB ( <1%) overhead. 
      Class:      5.93 MB capacity,     5.48 MB ( 92%) used,   411.74 KB (  7%) free+waste,    57.06 KB ( <1%) overhead. 
       Both:     41.07 MB capacity,    39.87 MB ( 97%) used,     1.04 MB (  3%) free+waste,   171.88 KB ( <1%) overhead. 

Virtual space:
  Non-class space:       36.00 MB reserved,      35.25 MB ( 98%) committed 
      Class space:      248.00 MB reserved,       6.00 MB (  2%) committed 
             Both:      284.00 MB reserved,      41.25 MB ( 15%) committed 

Chunk freelists:
   Non-Class:  49.00 KB
       Class:  3.00 KB
        Both:  52.00 KB

MaxMetaspaceSize: 256.00 MB
CompressedClassSpaceSize: 248.00 MB

CodeHeap 'non-profiled nmethods': size=120000Kb used=3723Kb max_used=3723Kb free=116277Kb
 bounds [0x0000023524030000, 0x00000235243e0000, 0x000002352b560000]
CodeHeap 'profiled nmethods': size=120000Kb used=10785Kb max_used=10785Kb free=109214Kb
 bounds [0x000002351cb00000, 0x000002351d590000, 0x0000023524030000]
CodeHeap 'non-nmethods': size=5760Kb used=2332Kb max_used=2405Kb free=3427Kb
 bounds [0x000002351c560000, 0x000002351c7d0000, 0x000002351cb00000]
 total_blobs=7603 nmethods=4695 adapters=711
 compilation: enabled
              stopped_count=0, restarted_count=0
 full_count=0

Compilation events (20 events):
Event: 30.006 Thread 0x0000023531f83000 5115       4       org.objectweb.asm.ClassReader::accept (1412 bytes)
Event: 30.010 Thread 0x000002352fed2800 nmethod 4834 0x00000235243aa590 code [0x00000235243aa9e0, 0x00000235243aff38]
Event: 30.011 Thread 0x000002352fed2800 5122 %     4       org.objectweb.asm.ClassReader::readCode @ 1432 (5109 bytes)
Event: 30.049 Thread 0x000002352fed3800 5124       2       org.objectweb.asm.SymbolTable::getConstantPoolLength (8 bytes)
Event: 30.049 Thread 0x000002352fed3800 nmethod 5124 0x000002351d585e10 code [0x000002351d585fa0, 0x000002351d586118]
Event: 30.049 Thread 0x000002352fed3800 5125       2       org.objectweb.asm.SymbolTable::putConstantPool (28 bytes)
Event: 30.049 Thread 0x000002352fed3800 nmethod 5125 0x000002351d586210 code [0x000002351d5863c0, 0x000002351d5865c0]
Event: 30.049 Thread 0x000002352fed3800 5127       3       org.objectweb.asm.MethodWriter::visitTableSwitchInsn (120 bytes)
Event: 30.050 Thread 0x000002352fed3800 nmethod 5127 0x000002351d586710 code [0x000002351d586940, 0x000002351d586e50]
Event: 30.068 Thread 0x000002352fed3800 5128 %     3       java.lang.StringUTF16::hashCode @ 9 (33 bytes)
Event: 30.068 Thread 0x000002352fed3800 nmethod 5128% 0x000002351d587190 code [0x000002351d587340, 0x000002351d5875b8]
Event: 30.115 Thread 0x0000023531f7f000 nmethod 5111 0x00000235243b3310 code [0x00000235243b3be0, 0x00000235243be658]
Event: 30.116 Thread 0x0000023531f7f000 5133       4       org.objectweb.asm.ClassReader::readMethod (1066 bytes)
Event: 30.155 Thread 0x000002352fed3800 5136       2       org.objectweb.asm.SymbolTable::addConstantUtf8Reference (101 bytes)
Event: 30.155 Thread 0x000002352fed3800 nmethod 5136 0x000002351d587710 code [0x000002351d587920, 0x000002351d587dc0]
Event: 30.155 Thread 0x000002352fed3800 5137       2       org.objectweb.asm.SymbolTable::hash (10 bytes)
Event: 30.155 Thread 0x000002352fed3800 nmethod 5137 0x000002351d588090 code [0x000002351d588240, 0x000002351d5883b0]
Event: 30.163 Thread 0x000002352fed3800 5139       2       org.objectweb.asm.MethodWriter::visitFrame (811 bytes)
Event: 30.164 Thread 0x000002352fed3800 nmethod 5139 0x000002351d588490 code [0x000002351d5888a0, 0x000002351d589d30]
Event: 30.197 Thread 0x0000023531f83000 nmethod 5115 0x00000235243c3e10 code [0x00000235243c4380, 0x00000235243cc8a8]

GC Heap History (19 events):
Event: 0.575 GC heap before
{Heap before GC invocations=0 (full 0):
 garbage-first heap   total 262144K, used 29696K [0x00000000e0000000, 0x0000000100000000)
  region size 1024K, 24 young (24576K), 0 survivors (0K)
 Metaspace       used 3270K, capacity 6227K, committed 6400K, reserved 262144K
  class space    used 429K, capacity 738K, committed 768K, reserved 253952K
}
Event: 0.579 GC heap after
{Heap after GC invocations=1 (full 0):
 garbage-first heap   total 262144K, used 9473K [0x00000000e0000000, 0x0000000100000000)
  region size 1024K, 3 young (3072K), 3 survivors (3072K)
 Metaspace       used 3270K, capacity 6227K, committed 6400K, reserved 262144K
  class space    used 429K, capacity 738K, committed 768K, reserved 253952K
}
Event: 3.171 GC heap before
{Heap before GC invocations=1 (full 0):
 garbage-first heap   total 262144K, used 163073K [0x00000000e0000000, 0x0000000100000000)
  region size 1024K, 153 young (156672K), 3 survivors (3072K)
 Metaspace       used 17486K, capacity 18060K, committed 18176K, reserved 270336K
  class space    used 2570K, capacity 2791K, committed 2816K, reserved 253952K
}
Event: 3.177 GC heap after
{Heap after GC invocations=2 (full 0):
 garbage-first heap   total 262144K, used 18940K [0x00000000e0000000, 0x0000000100000000)
  region size 1024K, 13 young (13312K), 13 survivors (13312K)
 Metaspace       used 17486K, capacity 18060K, committed 18176K, reserved 270336K
  class space    used 2570K, capacity 2791K, committed 2816K, reserved 253952K
}
Event: 26.234 GC heap before
{Heap before GC invocations=2 (full 0):
 garbage-first heap   total 262144K, used 80380K [0x00000000e0000000, 0x0000000100000000)
  region size 1024K, 44 young (45056K), 13 survivors (13312K)
 Metaspace       used 20413K, capacity 21182K, committed 21248K, reserved 272384K
  class space    used 3024K, capacity 3318K, committed 3328K, reserved 253952K
}
Event: 26.240 GC heap after
{Heap after GC invocations=3 (full 0):
 garbage-first heap   total 262144K, used 54417K [0x00000000e0000000, 0x0000000100000000)
  region size 1024K, 13 young (13312K), 13 survivors (13312K)
 Metaspace       used 20413K, capacity 21182K, committed 21248K, reserved 272384K
  class space    used 3024K, capacity 3318K, committed 3328K, reserved 253952K
}
Event: 28.429 GC heap before
{Heap before GC invocations=4 (full 0):
 garbage-first heap   total 262144K, used 173201K [0x00000000e0000000, 0x0000000100000000)
  region size 1024K, 127 young (130048K), 13 survivors (13312K)
 Metaspace       used 34147K, capacity 35199K, committed 35456K, reserved 284672K
  class space    used 4783K, capacity 5199K, committed 5248K, reserved 253952K
}
Event: 28.435 GC heap after
{Heap after GC invocations=5 (full 0):
 garbage-first heap   total 262144K, used 63343K [0x00000000e0000000, 0x0000000100000000)
  region size 1024K, 13 young (13312K), 13 survivors (13312K)
 Metaspace       used 34147K, capacity 35199K, committed 35456K, reserved 284672K
  class space    used 4783K, capacity 5199K, committed 5248K, reserved 253952K
}
Event: 28.476 GC heap before
{Heap before GC invocations=5 (full 0):
 garbage-first heap   total 262144K, used 66415K [0x00000000e0000000, 0x0000000100000000)
  region size 1024K, 17 young (17408K), 13 survivors (13312K)
 Metaspace       used 34692K, capacity 35807K, committed 35840K, reserved 284672K
  class space    used 4845K, capacity 5231K, committed 5248K, reserved 253952K
}
Event: 28.483 GC heap after
{Heap after GC invocations=6 (full 0):
 garbage-first heap   total 262144K, used 62595K [0x00000000e0000000, 0x0000000100000000)
  region size 1024K, 8 young (8192K), 8 survivors (8192K)
 Metaspace       used 34692K, capacity 35807K, committed 35840K, reserved 284672K
  class space    used 4845K, capacity 5231K, committed 5248K, reserved 253952K
}
Event: 29.223 GC heap before
{Heap before GC invocations=7 (full 0):
 garbage-first heap   total 262144K, used 217219K [0x00000000e0000000, 0x0000000100000000)
  region size 1024K, 140 young (143360K), 8 survivors (8192K)
 Metaspace       used 40804K, capacity 42028K, committed 42240K, reserved 290816K
  class space    used 5606K, capacity 6045K, committed 6144K, reserved 253952K
}
Event: 29.229 GC heap after
{Heap after GC invocations=8 (full 0):
 garbage-first heap   total 262144K, used 77046K [0x00000000e0000000, 0x0000000100000000)
  region size 1024K, 12 young (12288K), 12 survivors (12288K)
 Metaspace       used 40804K, capacity 42028K, committed 42240K, reserved 290816K
  class space    used 5606K, capacity 6045K, committed 6144K, reserved 253952K
}
Event: 29.470 GC heap before
{Heap before GC invocations=8 (full 0):
 garbage-first heap   total 262144K, used 208118K [0x00000000e0000000, 0x0000000100000000)
  region size 1024K, 138 young (141312K), 12 survivors (12288K)
 Metaspace       used 40815K, capacity 42028K, committed 42240K, reserved 290816K
  class space    used 5606K, capacity 6045K, committed 6144K, reserved 253952K
}
Event: 29.474 GC heap after
{Heap after GC invocations=9 (full 0):
 garbage-first heap   total 262144K, used 78331K [0x00000000e0000000, 0x0000000100000000)
  region size 1024K, 7 young (7168K), 7 survivors (7168K)
 Metaspace       used 40815K, capacity 42028K, committed 42240K, reserved 290816K
  class space    used 5606K, capacity 6045K, committed 6144K, reserved 253952K
}
Event: 29.706 GC heap before
{Heap before GC invocations=9 (full 0):
 garbage-first heap   total 262144K, used 210427K [0x00000000e0000000, 0x0000000100000000)
  region size 1024K, 136 young (139264K), 7 survivors (7168K)
 Metaspace       used 40824K, capacity 42060K, committed 42240K, reserved 290816K
  class space    used 5608K, capacity 6077K, committed 6144K, reserved 253952K
}
Event: 29.709 GC heap after
{Heap after GC invocations=10 (full 0):
 garbage-first heap   total 262144K, used 78455K [0x00000000e0000000, 0x0000000100000000)
  region size 1024K, 7 young (7168K), 7 survivors (7168K)
 Metaspace       used 40824K, capacity 42060K, committed 42240K, reserved 290816K
  class space    used 5608K, capacity 6077K, committed 6144K, reserved 253952K
}
Event: 29.951 GC heap before
{Heap before GC invocations=10 (full 0):
 garbage-first heap   total 262144K, used 213623K [0x00000000e0000000, 0x0000000100000000)
  region size 1024K, 139 young (142336K), 7 survivors (7168K)
 Metaspace       used 40825K, capacity 42060K, committed 42240K, reserved 290816K
  class space    used 5608K, capacity 6077K, committed 6144K, reserved 253952K
}
Event: 29.954 GC heap after
{Heap after GC invocations=11 (full 0):
 garbage-first heap   total 262144K, used 79001K [0x00000000e0000000, 0x0000000100000000)
  region size 1024K, 8 young (8192K), 8 survivors (8192K)
 Metaspace       used 40825K, capacity 42060K, committed 42240K, reserved 290816K
  class space    used 5608K, capacity 6077K, committed 6144K, reserved 253952K
}
Event: 30.197 GC heap before
{Heap before GC invocations=11 (full 0):
 garbage-first heap   total 262144K, used 216217K [0x00000000e0000000, 0x0000000100000000)
  region size 1024K, 142 young (145408K), 8 survivors (8192K)
 Metaspace       used 40825K, capacity 42060K, committed 42240K, reserved 290816K
  class space    used 5608K, capacity 6077K, committed 6144K, reserved 253952K
}

Deoptimization events (20 events):
Event: 30.178 Thread 0x0000023531f7d000 DEOPT PACKING pc=0x000002351d42768c sp=0x0000008b853fde10
Event: 30.178 Thread 0x0000023531f7d000 DEOPT UNPACKING pc=0x000002351c5a964e sp=0x0000008b853fd490 mode 0
Event: 30.184 Thread 0x0000023531ebb800 DEOPT PACKING pc=0x000002351d42768c sp=0x0000008b849fdc70
Event: 30.184 Thread 0x0000023531ebb800 DEOPT UNPACKING pc=0x000002351c5a964e sp=0x0000008b849fd2f0 mode 0
Event: 30.186 Thread 0x0000023531f7d000 DEOPT PACKING pc=0x000002351d42768c sp=0x0000008b853fde10
Event: 30.186 Thread 0x0000023531f7d000 DEOPT UNPACKING pc=0x000002351c5a964e sp=0x0000008b853fd490 mode 0
Event: 30.187 Thread 0x0000023531f7d000 DEOPT PACKING pc=0x000002351d54cd67 sp=0x0000008b853fe370
Event: 30.187 Thread 0x0000023531f7d000 DEOPT UNPACKING pc=0x000002351c5a964e sp=0x0000008b853fd960 mode 0
Event: 30.188 Thread 0x0000023531ebb800 DEOPT PACKING pc=0x000002351d427a6f sp=0x0000008b849fdc70
Event: 30.188 Thread 0x0000023531ebb800 DEOPT UNPACKING pc=0x000002351c5a964e sp=0x0000008b849fd2f0 mode 0
Event: 30.189 Thread 0x0000023531f7d000 DEOPT PACKING pc=0x000002351d427a6f sp=0x0000008b853fde10
Event: 30.189 Thread 0x0000023531f7d000 DEOPT UNPACKING pc=0x000002351c5a964e sp=0x0000008b853fd490 mode 0
Event: 30.190 Thread 0x0000023531ebb800 DEOPT PACKING pc=0x000002351d42768c sp=0x0000008b849fdc70
Event: 30.190 Thread 0x0000023531ebb800 DEOPT UNPACKING pc=0x000002351c5a964e sp=0x0000008b849fd2f0 mode 0
Event: 30.193 Thread 0x0000023531ebb800 DEOPT PACKING pc=0x000002351d56b4c9 sp=0x0000008b849fe060
Event: 30.193 Thread 0x0000023531ebb800 DEOPT UNPACKING pc=0x000002351c5a964e sp=0x0000008b849fd590 mode 0
Event: 30.194 Thread 0x0000023531ebb800 DEOPT PACKING pc=0x000002351d42768c sp=0x0000008b849fdc70
Event: 30.194 Thread 0x0000023531ebb800 DEOPT UNPACKING pc=0x000002351c5a964e sp=0x0000008b849fd2f0 mode 0
Event: 30.196 Thread 0x0000023531ebb800 DEOPT PACKING pc=0x000002351d42768c sp=0x0000008b849fdc70
Event: 30.196 Thread 0x0000023531ebb800 DEOPT UNPACKING pc=0x000002351c5a964e sp=0x0000008b849fd2f0 mode 0

Classes unloaded (0 events):
No events

Classes redefined (0 events):
No events

Internal exceptions (20 events):
Event: 28.836 Thread 0x0000023531eba800 Exception <a 'sun/nio/fs/WindowsException'{0x00000000ed434fe0}> (0x00000000ed434fe0) 
thrown [t:/workspace/open/src/hotspot/share/prims/jni.cpp, line 598]
Event: 28.841 Thread 0x0000023531f24000 Exception <a 'java/lang/ClassNotFoundException'{0x00000000ed4d2270}: sync_studio_tooling_5exh8sc1ae0vf2x0txzyeak6jBeanInfo> (0x00000000ed4d2270) 
thrown [t:/workspace/open/src/hotspot/share/classfile/systemDictionary.cpp, line 232]
Event: 28.841 Thread 0x0000023531f24000 Exception <a 'java/lang/ClassNotFoundException'{0x00000000ed4dff10}: sync_studio_tooling_5exh8sc1ae0vf2x0txzyeak6jCustomizer> (0x00000000ed4dff10) 
thrown [t:/workspace/open/src/hotspot/share/classfile/systemDictionary.cpp, line 232]
Event: 28.845 Thread 0x0000023531f24000 Exception <a 'java/lang/ClassNotFoundException'{0x00000000ed360358}: org/gradle/internal/metaobject/ConfigureDelegateBeanInfo> (0x00000000ed360358) 
thrown [t:/workspace/open/src/hotspot/share/classfile/systemDictionary.cpp, line 232]
Event: 28.845 Thread 0x0000023531f24000 Exception <a 'java/lang/ClassNotFoundException'{0x00000000ed38a8a0}: org/gradle/internal/metaobject/ConfigureDelegateCustomizer> (0x00000000ed38a8a0) 
thrown [t:/workspace/open/src/hotspot/share/classfile/systemDictionary.cpp, line 232]
Event: 28.849 Thread 0x0000023531f24000 Exception <a 'java/lang/ClassNotFoundException'{0x00000000ed2132a0}: org/gradle/api/internal/initialization/DefaultScriptHandlerBeanInfo> (0x00000000ed2132a0) 
thrown [t:/workspace/open/src/hotspot/share/classfile/systemDictionary.cpp, line 232]
Event: 28.850 Thread 0x0000023531f24000 Exception <a 'java/lang/ClassNotFoundException'{0x00000000ed240ff0}: org/gradle/api/internal/initialization/DefaultScriptHandlerCustomizer> (0x00000000ed240ff0) 
thrown [t:/workspace/open/src/hotspot/share/classfile/systemDictionary.cpp, line 232]
Event: 28.906 Thread 0x0000023531f24000 Exception <a 'java/lang/ClassNotFoundException'{0x00000000ec995ba0}: org/gradle/api/internal/artifacts/dsl/dependencies/DefaultDependencyHandler_DecoratedBeanInfo> (0x00000000ec995ba0) 
thrown [t:/workspace/open/src/hotspot/share/classfile/systemDictionary.cpp, line 232]
Event: 28.907 Thread 0x0000023531f24000 Exception <a 'java/lang/ClassNotFoundException'{0x00000000ec9db118}: org/gradle/api/internal/artifacts/dsl/dependencies/DefaultDependencyHandlerBeanInfo> (0x00000000ec9db118) 
thrown [t:/workspace/open/src/hotspot/share/classfile/systemDictionary.cpp, line 232]
Event: 28.907 Thread 0x0000023531f24000 Exception <a 'java/lang/ClassNotFoundException'{0x00000000ec8209d8}: org/gradle/api/internal/artifacts/dsl/dependencies/DefaultDependencyHandlerCustomizer> (0x00000000ec8209d8) 
thrown [t:/workspace/open/src/hotspot/share/classfile/systemDictionary.cpp, line 232]
Event: 28.909 Thread 0x0000023531f24000 Exception <a 'java/lang/ClassNotFoundException'{0x00000000ec714398}: org/gradle/api/internal/artifacts/dsl/dependencies/DefaultDependencyHandler_DecoratedCustomizer> (0x00000000ec714398) 
thrown [t:/workspace/open/src/hotspot/share/classfile/systemDictionary.cpp, line 232]
Event: 28.911 Thread 0x0000023531f24000 Exception <a 'java/lang/ClassNotFoundException'{0x00000000ec754a60}: sync_studio_tooling_5exh8sc1ae0vf2x0txzyeak6j$_run_closure1BeanInfo> (0x00000000ec754a60) 
thrown [t:/workspace/open/src/hotspot/share/classfile/systemDictionary.cpp, line 232]
Event: 28.911 Thread 0x0000023531f24000 Exception <a 'java/lang/ClassNotFoundException'{0x00000000ec75bb10}: sync_studio_tooling_5exh8sc1ae0vf2x0txzyeak6j$_run_closure1Customizer> (0x00000000ec75bb10) 
thrown [t:/workspace/open/src/hotspot/share/classfile/systemDictionary.cpp, line 232]
Event: 28.929 Thread 0x0000023531f24000 Exception <a 'java/lang/NoSuchMethodError'{0x00000000ec482918}: 'java.lang.Object java.lang.invoke.DirectMethodHandle$Holder.invokeStatic(java.lang.Object, int, java.lang.Object)'> (0x00000000ec482918) 
thrown [t:/workspace/open/src/hotspot/share/interpreter/linkResolver.cpp, line 767]
Event: 28.990 Thread 0x0000023531f24000 Exception <a 'java/lang/NoSuchMethodError'{0x00000000ebce5290}: 'int java.lang.invoke.DirectMethodHandle$Holder.invokeInterface(java.lang.Object, java.lang.Object)'> (0x00000000ebce5290) 
thrown [t:/workspace/open/src/hotspot/share/interpreter/linkResolver.cpp, line 767]
Event: 28.990 Thread 0x0000023531f24000 Exception <a 'java/lang/IncompatibleClassChangeError'{0x00000000ebce8b00}: Found class java.lang.Object, but interface was expected> (0x00000000ebce8b00) 
thrown [t:/workspace/open/src/hotspot/share/interpreter/linkResolver.cpp, line 833]
Event: 29.057 Thread 0x0000023531f24000 Exception <a 'java/lang/NoSuchMethodError'{0x00000000eb295348}: 'int java.lang.invoke.DirectMethodHandle$Holder.invokeStaticInit(java.lang.Object)'> (0x00000000eb295348) 
thrown [t:/workspace/open/src/hotspot/share/interpreter/linkResolver.cpp, line 767]
Event: 29.077 Thread 0x0000023531f7d000 Exception <a 'sun/nio/fs/WindowsException'{0x00000000eaec7db8}> (0x00000000eaec7db8) 
thrown [t:/workspace/open/src/hotspot/share/prims/jni.cpp, line 598]
Event: 29.093 Thread 0x0000023531ebb800 Implicit null exception at 0x00000235242ea207 to 0x00000235242ea6ea
Event: 29.094 Thread 0x0000023531ebb800 Exception <a 'sun/nio/fs/WindowsException'{0x00000000e9e56640}> (0x00000000e9e56640) 
thrown [t:/workspace/open/src/hotspot/share/prims/jni.cpp, line 598]

Events (20 events):
Event: 29.081 loading class org/gradle/api/internal/file/archive/impl/JdkZipEntry$1 done
Event: 29.108 loading class org/objectweb/asm/TypeReference
Event: 29.108 loading class org/objectweb/asm/TypeReference done
Event: 29.108 loading class org/objectweb/asm/TypePath
Event: 29.108 loading class org/objectweb/asm/TypePath done
Event: 29.200 Loaded shared library C:\Program Files\Java\jdk-13.0.2\bin\zip.dll
Event: 29.200 Loaded shared library C:\Program Files\Java\jdk-13.0.2\bin\zip.dll
Event: 29.201 Loaded shared library C:\Program Files\Java\jdk-13.0.2\bin\zip.dll
Event: 29.201 Loaded shared library C:\Program Files\Java\jdk-13.0.2\bin\zip.dll
Event: 29.223 Executing VM operation: G1CollectForAllocation
Event: 29.229 Executing VM operation: G1CollectForAllocation done
Event: 29.470 Executing VM operation: G1CollectForAllocation
Event: 29.474 Executing VM operation: G1CollectForAllocation done
Event: 29.638 loading class org/gradle/internal/classpath/InstrumentingTransformer$InstrumentingVisitor$1
Event: 29.638 loading class org/gradle/internal/classpath/InstrumentingTransformer$InstrumentingVisitor$1 done
Event: 29.706 Executing VM operation: G1CollectForAllocation
Event: 29.709 Executing VM operation: G1CollectForAllocation done
Event: 29.951 Executing VM operation: G1CollectForAllocation
Event: 29.954 Executing VM operation: G1CollectForAllocation done
Event: 30.197 Executing VM operation: G1CollectForAllocation


Dynamic libraries:
0x00007ff62fa40000 - 0x00007ff62fa4f000 	C:\Program Files\Java\jdk-13.0.2\bin\java.exe
0x00007ffbf7cf0000 - 0x00007ffbf7ee5000 	C:\WINDOWS\SYSTEM32\ntdll.dll
0x00007ffbf6770000 - 0x00007ffbf682d000 	C:\WINDOWS\System32\KERNEL32.DLL
0x00007ffbf54c0000 - 0x00007ffbf578d000 	C:\WINDOWS\System32\KERNELBASE.dll
0x00007ffbf2d00000 - 0x00007ffbf2d90000 	C:\WINDOWS\SYSTEM32\apphelp.dll
0x00007ffbf5b70000 - 0x00007ffbf5c70000 	C:\WINDOWS\System32\ucrtbase.dll
0x00007ffbca4d0000 - 0x00007ffbca4e8000 	C:\Program Files\Java\jdk-13.0.2\bin\jli.dll
0x00007ffbbc350000 - 0x00007ffbbc365000 	C:\Program Files\Java\jdk-13.0.2\bin\VCRUNTIME140.dll
0x00007ffbf6f30000 - 0x00007ffbf6fde000 	C:\WINDOWS\System32\ADVAPI32.dll
0x00007ffbf6e50000 - 0x00007ffbf6eee000 	C:\WINDOWS\System32\msvcrt.dll
0x00007ffbf6520000 - 0x00007ffbf65bc000 	C:\WINDOWS\System32\sechost.dll
0x00007ffbf7260000 - 0x00007ffbf7385000 	C:\WINDOWS\System32\RPCRT4.dll
0x00007ffbf6830000 - 0x00007ffbf69d0000 	C:\WINDOWS\System32\USER32.dll
0x00007ffbf5400000 - 0x00007ffbf5422000 	C:\WINDOWS\System32\win32u.dll
0x00007ffbf76f0000 - 0x00007ffbf771a000 	C:\WINDOWS\System32\GDI32.dll
0x00007ffbdc3c0000 - 0x00007ffbdc65a000 	C:\WINDOWS\WinSxS\amd64_microsoft.windows.common-controls_6595b64144ccf1df_6.0.19041.1110_none_60b5254171f9507e\COMCTL32.dll
0x00007ffbf57e0000 - 0x00007ffbf58eb000 	C:\WINDOWS\System32\gdi32full.dll
0x00007ffbf5c70000 - 0x00007ffbf5d0d000 	C:\WINDOWS\System32\msvcp_win.dll
0x00007ffbf02a0000 - 0x00007ffbf02aa000 	C:\WINDOWS\SYSTEM32\VERSION.dll
0x00007ffbf6ef0000 - 0x00007ffbf6f20000 	C:\WINDOWS\System32\IMM32.DLL
0x00007ffbb6020000 - 0x00007ffbb60bb000 	C:\Program Files\Java\jdk-13.0.2\bin\msvcp140.dll
0x00007ffb80800000 - 0x00007ffb8135d000 	C:\Program Files\Java\jdk-13.0.2\bin\server\jvm.dll
0x00007ffbf6f20000 - 0x00007ffbf6f28000 	C:\WINDOWS\System32\PSAPI.DLL
0x00007ffb9a3c0000 - 0x00007ffb9a3c9000 	C:\WINDOWS\SYSTEM32\WSOCK32.dll
0x00007ffbf7040000 - 0x00007ffbf70ab000 	C:\WINDOWS\System32\WS2_32.dll
0x00007ffbe04e0000 - 0x00007ffbe0507000 	C:\WINDOWS\SYSTEM32\WINMM.dll
0x00007ffbf32e0000 - 0x00007ffbf32f2000 	C:\WINDOWS\SYSTEM32\kernel.appcore.dll
0x00007ffbee2c0000 - 0x00007ffbee2d0000 	C:\Program Files\Java\jdk-13.0.2\bin\verify.dll
0x00007ffbe6a70000 - 0x00007ffbe6c54000 	C:\WINDOWS\SYSTEM32\DBGHELP.DLL
0x00007ffbe5500000 - 0x00007ffbe552c000 	C:\WINDOWS\SYSTEM32\dbgcore.DLL
0x00007ffbf5430000 - 0x00007ffbf54b2000 	C:\WINDOWS\System32\bcryptPrimitives.dll
0x00007ffbb89f0000 - 0x00007ffbb8a16000 	C:\Program Files\Java\jdk-13.0.2\bin\java.dll
0x00007ffbb7570000 - 0x00007ffbb7587000 	C:\Program Files\Java\jdk-13.0.2\bin\zip.dll
0x00007ffbcf5b0000 - 0x00007ffbcf5ba000 	C:\Program Files\Java\jdk-13.0.2\bin\jimage.dll
0x00007ffbf5dd0000 - 0x00007ffbf6514000 	C:\WINDOWS\System32\SHELL32.dll
0x00007ffbf34e0000 - 0x00007ffbf3c74000 	C:\WINDOWS\SYSTEM32\windows.storage.dll
0x00007ffbf7390000 - 0x00007ffbf76e4000 	C:\WINDOWS\System32\combase.dll
0x00007ffbf4cb0000 - 0x00007ffbf4cdc000 	C:\WINDOWS\SYSTEM32\Wldp.dll
0x00007ffbf71b0000 - 0x00007ffbf725d000 	C:\WINDOWS\System32\SHCORE.dll
0x00007ffbf66f0000 - 0x00007ffbf6745000 	C:\WINDOWS\System32\shlwapi.dll
0x00007ffbf5340000 - 0x00007ffbf535f000 	C:\WINDOWS\SYSTEM32\profapi.dll
0x00007ffbb6000000 - 0x00007ffbb6019000 	C:\Program Files\Java\jdk-13.0.2\bin\net.dll
0x00007ffbed8e0000 - 0x00007ffbed9ea000 	C:\WINDOWS\SYSTEM32\WINHTTP.dll
0x00007ffbf4a90000 - 0x00007ffbf4afa000 	C:\WINDOWS\system32\mswsock.dll
0x00007ffbb5fe0000 - 0x00007ffbb5ff3000 	C:\Program Files\Java\jdk-13.0.2\bin\nio.dll
0x00007ffbbc530000 - 0x00007ffbbc557000 	C:\Users\SmartSocial\.gradle\native\e1d6ef7f7dcc3fd88c89a11ec53ec762bb8ba0a96d01ffa2cd45eb1d1d8dd5c5\windows-amd64\native-platform.dll
0x00007ffbb5520000 - 0x00007ffbb5664000 	C:\Users\SmartSocial\.gradle\native\0d407fdbe67a94daf76414ababcb853783967236a71b16ec16e742cd7a986fd3\windows-amd64\native-platform-file-events.dll
0x00007ffbcf310000 - 0x00007ffbcf319000 	C:\Program Files\Java\jdk-13.0.2\bin\management.dll
0x00007ffbc11f0000 - 0x00007ffbc11fb000 	C:\Program Files\Java\jdk-13.0.2\bin\management_ext.dll
0x00007ffbf4d60000 - 0x00007ffbf4d78000 	C:\WINDOWS\SYSTEM32\CRYPTSP.dll
0x00007ffbf4430000 - 0x00007ffbf4464000 	C:\WINDOWS\system32\rsaenh.dll
0x00007ffbf5d10000 - 0x00007ffbf5d37000 	C:\WINDOWS\System32\bcrypt.dll
0x00007ffbf5300000 - 0x00007ffbf532e000 	C:\WINDOWS\SYSTEM32\USERENV.dll
0x00007ffbf4c20000 - 0x00007ffbf4c2c000 	C:\WINDOWS\SYSTEM32\CRYPTBASE.dll
0x00007ffbf47a0000 - 0x00007ffbf47db000 	C:\WINDOWS\SYSTEM32\IPHLPAPI.DLL
0x00007ffbf7140000 - 0x00007ffbf7148000 	C:\WINDOWS\System32\NSI.dll
0x00007ffbeef60000 - 0x00007ffbeef77000 	C:\WINDOWS\SYSTEM32\dhcpcsvc6.DLL
0x00007ffbeee30000 - 0x00007ffbeee4d000 	C:\WINDOWS\SYSTEM32\dhcpcsvc.DLL
0x00007ffbf47e0000 - 0x00007ffbf48ab000 	C:\WINDOWS\SYSTEM32\DNSAPI.dll

dbghelp: loaded successfully - version: 4.0.5 - missing functions: none
symbol engine: initialized successfully - sym options: 0x614 - pdb path: .;C:\Program Files\Java\jdk-13.0.2\bin;C:\WINDOWS\SYSTEM32;C:\WINDOWS\WinSxS\amd64_microsoft.windows.common-controls_6595b64144ccf1df_6.0.19041.1110_none_60b5254171f9507e;C:\Program Files\Java\jdk-13.0.2\bin\server;C:\Users\SmartSocial\.gradle\native\e1d6ef7f7dcc3fd88c89a11ec53ec762bb8ba0a96d01ffa2cd45eb1d1d8dd5c5\windows-amd64;C:\Users\SmartSocial\.gradle\native\0d407fdbe67a94daf76414ababcb853783967236a71b16ec16e742cd7a986fd3\windows-amd64

VM Arguments:
jvm_args: --add-opens=java.base/java.util=ALL-UNNAMED --add-opens=java.base/java.lang=ALL-UNNAMED --add-opens=java.base/java.lang.invoke=ALL-UNNAMED --add-opens=java.base/java.util=ALL-UNNAMED --add-opens=java.prefs/java.util.prefs=ALL-UNNAMED --add-opens=java.prefs/java.util.prefs=ALL-UNNAMED --add-opens=java.base/java.nio.charset=ALL-UNNAMED --add-opens=java.base/java.net=ALL-UNNAMED --add-opens=java.base/java.util.concurrent.atomic=ALL-UNNAMED -XX:MaxMetaspaceSize=256m -XX:+HeapDumpOnOutOfMemoryError -Xms256m -Xmx512m -Dfile.encoding=x-windows-949 -Duser.country=KR -Duser.language=ko -Duser.variant 
java_command: org.gradle.launcher.daemon.bootstrap.GradleDaemon 7.4.1
java_class_path (initial): C:\Users\SmartSocial\.gradle\wrapper\dists\gradle-7.4.1-bin\58kw26xllvsiedyf3nujyarhn\gradle-7.4.1\lib\gradle-launcher-7.4.1.jar
Launcher Type: SUN_STANDARD

[Global flags]
     intx CICompilerCount                          = 4                                         {product} {ergonomic}
   size_t CompressedClassSpaceSize                 = 260046848                                 {product} {ergonomic}
     uint ConcGCThreads                            = 2                                         {product} {ergonomic}
     uint G1ConcRefinementThreads                  = 8                                         {product} {ergonomic}
   size_t G1HeapRegionSize                         = 1048576                                   {product} {ergonomic}
    uintx GCDrainStackTargetSize                   = 64                                        {product} {ergonomic}
     bool HeapDumpOnOutOfMemoryError               = true                                   {manageable} {command line}
   size_t InitialHeapSize                          = 268435456                                 {product} {command line}
   size_t MarkStackSize                            = 4194304                                   {product} {ergonomic}
   size_t MaxHeapSize                              = 536870912                                 {product} {command line}
   size_t MaxMetaspaceSize                         = 268435456                                 {product} {command line}
   size_t MaxNewSize                               = 321912832                                 {product} {ergonomic}
   size_t MinHeapDeltaBytes                        = 1048576                                   {product} {ergonomic}
   size_t MinHeapSize                              = 268435456                                 {product} {command line}
    uintx NonNMethodCodeHeapSize                   = 5839372                                {pd product} {ergonomic}
    uintx NonProfiledCodeHeapSize                  = 122909434                              {pd product} {ergonomic}
    uintx ProfiledCodeHeapSize                     = 122909434                              {pd product} {ergonomic}
    uintx ReservedCodeCacheSize                    = 251658240                              {pd product} {ergonomic}
     bool SegmentedCodeCache                       = true                                      {product} {ergonomic}
   size_t SoftMaxHeapSize                          = 536870912                              {manageable} {ergonomic}
     bool UseCompressedClassPointers               = true                                 {lp64_product} {ergonomic}
     bool UseCompressedOops                        = true                                 {lp64_product} {ergonomic}
     bool UseG1GC                                  = true                                      {product} {ergonomic}
     bool UseLargePagesIndividualAllocation        = false                                  {pd product} {ergonomic}

Logging:
Log output configuration:
 #0: stdout all=warning uptime,level,tags
 #1: stderr all=off uptime,level,tags

Environment Variables:
JAVA_HOME=C:\Program Files\Java\jdk-13.0.2
PATH=D:\WINDOWS.X64_193000_db_home\bin;C:\Program Files\Common Files\Oracle\Java\javapath;C:\Python27\;C:\Python27\Scripts;C:\WINDOWS\system32;C:\WINDOWS;C:\WINDOWS\System32\Wbem;C:\WINDOWS\System32\WindowsPowerShell\v1.0\;C:\Program Files (x86)\Intel\Intel(R) Management Engine Components\DAL;C:\Program Files\Intel\Intel(R) Management Engine Components\DAL;D:\Apache24\bin;D:\wampstack-7.4.13-0\php;C:\WINDOWS\System32\OpenSSH\;C:\Program Files\nodejs\;C:\ProgramData\chocolatey\bin;C:\Program Files\Java\jdk-13.0.2\bin;C:\Users\SmartSocial\AppData\Local\Android\Sdk\platform-tools;D:\Code_Tools\dart-sdk\bin;D:\Code_Tools\flutter\bin;C:\ProgramData\ComposerSetup\bin;C:\Program Files\Docker\Docker\resources\bin;C:\ProgramData\DockerDesktop\version-bin;C:\Program Files\Git\cmd;C:\Program Files\MySQL\MySQL Shell 8.0\bin\;C:\Program Files\Bandizip\;C:\Users\SmartSocial\AppData\Local\Programs\Microsoft VS Code\bin;C:\Users\SmartSocial\AppData\Local\Microsoft\WindowsApps;C:\Program Files\Java\jdk-13.0.2\bin;D:\sonar-scanner\bin;C:\Users\SmartSocial\AppData\Roaming\npm;C:\node;C:\Users\SmartSocial\AppData\Roaming\Composer;D:\flutter\flutter\bin;C:\Program Files\JetBrains\PhpStorm 2022.1\bin;;C:\Users\SmartSocial\AppData\Roaming\Composer\vendor\bin;C:\Users\SmartSocial\AppData\Local\GitHubDesktop\bin;C:\Program Files\JetBrains\DataGrip 2021.3.1\bin;;C:\Program Files\JetBrains\IntelliJ IDEA 2021.3.1\bin;;D:\instantclient_21_3;
USERNAME=SmartSocial
OS=Windows_NT
PROCESSOR_IDENTIFIER=Intel64 Family 6 Model 158 Stepping 13, GenuineIntel



---------------  S Y S T E M  ---------------

OS: Windows 10 , 64 bit Build 19041 (10.0.19041.1706)
HyperV virtualization detected

CPU:total 8 (initial active 8) (8 cores per cpu, 1 threads per core) family 6 model 158 stepping 13, cmov, cx8, fxsr, mmx, sse, sse2, sse3, ssse3, sse4.1, sse4.2, popcnt, avx, avx2, aes, clmul, erms, rtm, 3dnowpref, lzcnt, tsc, tscinvbit, bmi1, bmi2, adx, fma

Memory: 4k page, system-wide physical 32617M (20104M free)
TotalPageFile size 38249M (AvailPageFile size 25523M)
current process WorkingSet (physical memory assigned to process): 449M, peak: 454M
current process commit charge ("private bytes"): 512M, peak: 517M

vm_info: Java HotSpot(TM) 64-Bit Server VM (13.0.2+8) for windows-amd64 JRE (13.0.2+8), built on Dec 11 2019 09:20:33 by "mach5one" with unknown MS VC++:1916

END.
